This file contains any messages produced by compilers while
running configure, to aid debugging if configure makes a mistake.

It was created by GD configure 2.3.3, which was
generated by GNU Autoconf 2.69.  Invocation command line was

  $ ./configure 

## --------- ##
## Platform. ##
## --------- ##

hostname = raspberrypi
uname -m = armv7l
uname -r = 5.10.63-v7l+
uname -s = Linux
uname -v = #1459 SMP Wed Oct 6 16:41:57 BST 2021

/usr/bin/uname -p = unknown
/bin/uname -X     = unknown

/bin/arch              = unknown
/usr/bin/arch -k       = unknown
/usr/convex/getsysinfo = unknown
/usr/bin/hostinfo      = unknown
/bin/machine           = unknown
/usr/bin/oslevel       = unknown
/bin/universe          = unknown

PATH: /usr/local/sbin
PATH: /usr/local/bin
PATH: /usr/sbin
PATH: /usr/bin
PATH: /sbin
PATH: /bin
PATH: /usr/local/games
PATH: /usr/games


## ----------- ##
## Core tests. ##
## ----------- ##

configure:2443: checking build system type
configure:2457: result: armv7l-unknown-linux-gnueabihf
configure:2477: checking host system type
configure:2490: result: armv7l-unknown-linux-gnueabihf
configure:2543: checking for a BSD-compatible install
configure:2611: result: /usr/bin/install -c
configure:2622: checking whether build environment is sane
configure:2677: result: yes
configure:2826: checking for a thread-safe mkdir -p
configure:2865: result: /bin/mkdir -p
configure:2872: checking for gawk
configure:2902: result: no
configure:2872: checking for mawk
configure:2888: found /usr/bin/mawk
configure:2899: result: mawk
configure:2910: checking whether make sets $(MAKE)
configure:2932: result: yes
configure:2961: checking whether make supports nested variables
configure:2978: result: yes
configure:3111: checking whether make supports the include directive
configure:3126: make -f confmf.GNU && cat confinc.out
this is the am__doit target
configure:3129: $? = 0
configure:3148: result: yes (GNU style)
configure:3218: checking for gcc
configure:3234: found /usr/bin/gcc
configure:3245: result: gcc
configure:3474: checking for C compiler version
configure:3483: gcc --version >&5
gcc (Raspbian 8.3.0-6+rpi1) 8.3.0
Copyright (C) 2018 Free Software Foundation, Inc.
This is free software; see the source for copying conditions.  There is NO
warranty; not even for MERCHANTABILITY or FITNESS FOR A PARTICULAR PURPOSE.

configure:3494: $? = 0
configure:3483: gcc -v >&5
Using built-in specs.
COLLECT_GCC=gcc
COLLECT_LTO_WRAPPER=/usr/lib/gcc/arm-linux-gnueabihf/8/lto-wrapper
Target: arm-linux-gnueabihf
Configured with: ../src/configure -v --with-pkgversion='Raspbian 8.3.0-6+rpi1' --with-bugurl=file:///usr/share/doc/gcc-8/README.Bugs --enable-languages=c,ada,c++,go,d,fortran,objc,obj-c++ --prefix=/usr --with-gcc-major-version-only --program-suffix=-8 --program-prefix=arm-linux-gnueabihf- --enable-shared --enable-linker-build-id --libexecdir=/usr/lib --without-included-gettext --enable-threads=posix --libdir=/usr/lib --enable-nls --enable-bootstrap --enable-clocale=gnu --enable-libstdcxx-debug --enable-libstdcxx-time=yes --with-default-libstdcxx-abi=new --enable-gnu-unique-object --disable-libitm --disable-libquadmath --disable-libquadmath-support --enable-plugin --with-system-zlib --with-target-system-zlib --enable-objc-gc=auto --enable-multiarch --disable-sjlj-exceptions --with-arch=armv6 --with-fpu=vfp --with-float=hard --disable-werror --enable-checking=release --build=arm-linux-gnueabihf --host=arm-linux-gnueabihf --target=arm-linux-gnueabihf
Thread model: posix
gcc version 8.3.0 (Raspbian 8.3.0-6+rpi1) 
configure:3494: $? = 0
configure:3483: gcc -V >&5
gcc: error: unrecognized command line option '-V'
gcc: fatal error: no input files
compilation terminated.
configure:3494: $? = 1
configure:3483: gcc -qversion >&5
gcc: error: unrecognized command line option '-qversion'; did you mean '--version'?
gcc: fatal error: no input files
compilation terminated.
configure:3494: $? = 1
configure:3514: checking whether the C compiler works
configure:3536: gcc    conftest.c  >&5
configure:3540: $? = 0
configure:3588: result: yes
configure:3591: checking for C compiler default output file name
configure:3593: result: a.out
configure:3599: checking for suffix of executables
configure:3606: gcc -o conftest    conftest.c  >&5
configure:3610: $? = 0
configure:3632: result: 
configure:3654: checking whether we are cross compiling
configure:3662: gcc -o conftest    conftest.c  >&5
configure:3666: $? = 0
configure:3673: ./conftest
configure:3677: $? = 0
configure:3665: result: no
configure:3670: checking for suffix of object files
configure:3692: gcc -c   conftest.c >&5
configure:3696: $? = 0
configure:3717: result: o
configure:3721: checking whether we are using the GNU C compiler
configure:3740: gcc -c   conftest.c >&5
configure:3740: $? = 0
configure:3749: result: yes
configure:3758: checking whether gcc accepts -g
configure:3778: gcc -c -g  conftest.c >&5
configure:3778: $? = 0
configure:3819: result: yes
configure:3836: checking for gcc option to accept ISO C89
configure:3899: gcc  -c -g -O2  conftest.c >&5
configure:3899: $? = 0
configure:3912: result: none needed
configure:3937: checking whether gcc understands -c and -o together
configure:3959: gcc -c conftest.c -o conftest2.o
configure:3962: $? = 0
configure:3959: gcc -c conftest.c -o conftest2.o
configure:3962: $? = 0
configure:3974: result: yes
configure:3993: checking dependency style of gcc
configure:4104: result: gcc3
configure:4169: checking for ar
configure:4185: found /usr/bin/ar
configure:4196: result: ar
configure:4222: checking the archiver (ar) interface
configure:4238: gcc -c -g -O2  conftest.c >&5
configure:4238: $? = 0
configure:4240: ar cru libconftest.a conftest.o >&5
ar: `u' modifier ignored since `D' is the default (see `U')
configure:4243: $? = 0
configure:4242: result: ar
configure:4266: checking for gcc option to accept ISO C99
configure:4415: gcc  -c -g -O2  conftest.c >&5
configure:4415: $? = 0
configure:4428: result: none needed
configure:4536: checking for gcc option to accept ISO Standard C
configure:4547: result: none needed
configure:4602: checking how to print strings
configure:4629: result: printf
configure:4650: checking for a sed that does not truncate output
configure:4714: result: /bin/sed
configure:4732: checking for grep that handles long lines and -e
configure:4790: result: /bin/grep
configure:4795: checking for egrep
configure:4857: result: /bin/grep -E
configure:4862: checking for fgrep
configure:4924: result: /bin/grep -F
configure:4959: checking for ld used by gcc
configure:5026: result: /usr/bin/ld
configure:5033: checking if the linker (/usr/bin/ld) is GNU ld
configure:5048: result: yes
configure:5060: checking for BSD- or MS-compatible name lister (nm)
configure:5114: result: /usr/bin/nm -B
configure:5244: checking the name lister (/usr/bin/nm -B) interface
configure:5251: gcc -c -g -O2  conftest.c >&5
configure:5254: /usr/bin/nm -B "conftest.o"
configure:5257: output
00000000 B some_variable
configure:5258: result: BSD nm
configure:5261: checking whether ln -s works
configure:5265: result: yes
configure:5273: checking the maximum length of command line arguments
configure:5404: result: 1572864
configure:5452: checking how to convert armv7l-unknown-linux-gnueabihf file names to armv7l-unknown-linux-gnueabihf format
configure:5492: result: func_convert_file_noop
configure:5499: checking how to convert armv7l-unknown-linux-gnueabihf file names to toolchain format
configure:5519: result: func_convert_file_noop
configure:5526: checking for /usr/bin/ld option to reload object files
configure:5533: result: -r
configure:5607: checking for objdump
configure:5623: found /usr/bin/objdump
configure:5634: result: objdump
configure:5666: checking how to recognize dependent libraries
configure:5866: result: pass_all
configure:5951: checking for dlltool
configure:5981: result: no
configure:6011: checking how to associate runtime and link libraries
configure:6038: result: printf %s\n
configure:6162: checking for archiver @FILE support
configure:6179: gcc -c -g -O2  conftest.c >&5
configure:6179: $? = 0
configure:6182: ar cr libconftest.a @conftest.lst >&5
configure:6185: $? = 0
configure:6190: ar cr libconftest.a @conftest.lst >&5
ar: conftest.o: No such file or directory
configure:6193: $? = 1
configure:6192: result: @
configure:6250: checking for strip
configure:6266: found /usr/bin/strip
configure:6277: result: strip
configure:6349: checking for ranlib
configure:6365: found /usr/bin/ranlib
configure:6376: result: ranlib
configure:6478: checking command to parse /usr/bin/nm -B output from gcc object
configure:6631: gcc -c -g -O2  conftest.c >&5
configure:6634: $? = 0
configure:6638: /usr/bin/nm -B conftest.o | sed -n -e 's/^.*[	 ]\([ABCDGIRSTW][ABCDGIRSTW]*\)[	 ][	 ]*\([_A-Za-z][_A-Za-z0-9]*\)$/\1 \2 \2/p' | sed '/ __gnu_lto/d' > conftest.nm
configure:6704: gcc -o conftest -g -O2   conftest.c conftstm.o >&5
configure:6707: $? = 0
configure:6745: result: ok
configure:6792: checking for sysroot
configure:6822: result: no
configure:6829: checking for a working dd
configure:6867: result: /bin/dd
configure:6871: checking how to truncate binary pipes
configure:6886: result: /bin/dd bs=4096 count=1
configure:7215: checking for mt
configure:7231: found /bin/mt
configure:7242: result: mt
configure:7265: checking if mt is a manifest tool
configure:7271: mt '-?'
configure:7279: result: no
configure:7956: checking how to run the C preprocessor
configure:7987: gcc -E  conftest.c
configure:7987: $? = 0
configure:8001: gcc -E  conftest.c
conftest.c:11:10: fatal error: ac_nonexistent.h: No such file or directory
 #include <ac_nonexistent.h>
          ^~~~~~~~~~~~~~~~~~
compilation terminated.
configure:8001: $? = 1
configure: failed program was:
| /* confdefs.h */
| #define PACKAGE_NAME "GD"
| #define PACKAGE_TARNAME "libgd"
| #define PACKAGE_VERSION "2.3.3"
| #define PACKAGE_STRING "GD 2.3.3"
| #define PACKAGE_BUGREPORT "https://github.com/libgd/libgd/issues"
| #define PACKAGE_URL "https://lib.gd"
| #define PACKAGE "libgd"
| #define VERSION "2.3.3"
| /* end confdefs.h.  */
| #include <ac_nonexistent.h>
configure:8026: result: gcc -E
configure:8046: gcc -E  conftest.c
configure:8046: $? = 0
configure:8060: gcc -E  conftest.c
conftest.c:11:10: fatal error: ac_nonexistent.h: No such file or directory
 #include <ac_nonexistent.h>
          ^~~~~~~~~~~~~~~~~~
compilation terminated.
configure:8060: $? = 1
configure: failed program was:
| /* confdefs.h */
| #define PACKAGE_NAME "GD"
| #define PACKAGE_TARNAME "libgd"
| #define PACKAGE_VERSION "2.3.3"
| #define PACKAGE_STRING "GD 2.3.3"
| #define PACKAGE_BUGREPORT "https://github.com/libgd/libgd/issues"
| #define PACKAGE_URL "https://lib.gd"
| #define PACKAGE "libgd"
| #define VERSION "2.3.3"
| /* end confdefs.h.  */
| #include <ac_nonexistent.h>
configure:8089: checking for ANSI C header files
configure:8109: gcc -c -g -O2  conftest.c >&5
configure:8109: $? = 0
configure:8182: gcc -o conftest -g -O2   conftest.c  >&5
configure:8182: $? = 0
configure:8182: ./conftest
configure:8182: $? = 0
configure:8193: result: yes
configure:8206: checking for sys/types.h
configure:8206: gcc -c -g -O2  conftest.c >&5
configure:8206: $? = 0
configure:8206: result: yes
configure:8206: checking for sys/stat.h
configure:8206: gcc -c -g -O2  conftest.c >&5
configure:8206: $? = 0
configure:8206: result: yes
configure:8206: checking for stdlib.h
configure:8206: gcc -c -g -O2  conftest.c >&5
configure:8206: $? = 0
configure:8206: result: yes
configure:8206: checking for string.h
configure:8206: gcc -c -g -O2  conftest.c >&5
configure:8206: $? = 0
configure:8206: result: yes
configure:8206: checking for memory.h
configure:8206: gcc -c -g -O2  conftest.c >&5
configure:8206: $? = 0
configure:8206: result: yes
configure:8206: checking for strings.h
configure:8206: gcc -c -g -O2  conftest.c >&5
configure:8206: $? = 0
configure:8206: result: yes
configure:8206: checking for inttypes.h
configure:8206: gcc -c -g -O2  conftest.c >&5
configure:8206: $? = 0
configure:8206: result: yes
configure:8206: checking for stdint.h
configure:8206: gcc -c -g -O2  conftest.c >&5
configure:8206: $? = 0
configure:8206: result: yes
configure:8206: checking for unistd.h
configure:8206: gcc -c -g -O2  conftest.c >&5
configure:8206: $? = 0
configure:8206: result: yes
configure:8220: checking for dlfcn.h
configure:8220: gcc -c -g -O2  conftest.c >&5
configure:8220: $? = 0
configure:8220: result: yes
configure:8476: checking for objdir
configure:8491: result: .libs
configure:8755: checking if gcc supports -fno-rtti -fno-exceptions
configure:8773: gcc -c -g -O2  -fno-rtti -fno-exceptions conftest.c >&5
cc1: warning: command line option '-fno-rtti' is valid for C++/ObjC++ but not for C
configure:8777: $? = 0
configure:8790: result: no
configure:9154: checking for gcc option to produce PIC
configure:9161: result: -fPIC -DPIC
configure:9169: checking if gcc PIC flag -fPIC -DPIC works
configure:9187: gcc -c -g -O2  -fPIC -DPIC -DPIC conftest.c >&5
configure:9191: $? = 0
configure:9204: result: yes
configure:9233: checking if gcc static flag -static works
configure:9261: result: yes
configure:9276: checking if gcc supports -c -o file.o
configure:9297: gcc -c -g -O2  -o out/conftest2.o conftest.c >&5
configure:9301: $? = 0
configure:9323: result: yes
configure:9331: checking if gcc supports -c -o file.o
configure:9378: result: yes
configure:9411: checking whether the gcc linker (/usr/bin/ld) supports shared libraries
configure:10674: result: yes
configure:10711: checking whether -lc should be explicitly linked in
configure:10719: gcc -c -g -O2  conftest.c >&5
configure:10722: $? = 0
configure:10737: gcc -shared  -fPIC -DPIC conftest.o  -v -Wl,-soname -Wl,conftest -o conftest 2\>\&1 \| /bin/grep  -lc  \>/dev/null 2\>\&1
configure:10740: $? = 0
configure:10754: result: no
configure:10914: checking dynamic linker characteristics
configure:11495: gcc -o conftest -g -O2   -Wl,-rpath -Wl,/foo conftest.c  >&5
configure:11495: $? = 0
configure:11744: result: GNU/Linux ld.so
configure:11866: checking how to hardcode library paths into programs
configure:11891: result: immediate
configure:12439: checking whether stripping libraries is possible
configure:12444: result: yes
configure:12479: checking if libtool supports shared libraries
configure:12481: result: yes
configure:12484: checking whether to build shared libraries
configure:12509: result: yes
configure:12512: checking whether to build static libraries
configure:12516: result: yes
configure:9329: checking whether ln -s works
configure:9333: result: yes
configure:9340: checking whether make sets $(MAKE)
configure:9362: result: yes
configure:9426: checking for pkg-config
configure:9444: found /usr/bin/pkg-config
configure:9456: result: /usr/bin/pkg-config
configure:9481: checking pkg-config is at least version 0.9.0
configure:9484: result: yes
configure:9493: checking for X
configure:9601: gcc -E  conftest.c
conftest.c:23:10: fatal error: X11/Xlib.h: No such file or directory
 #include <X11/Xlib.h>
          ^~~~~~~~~~~~
compilation terminated.
configure:9601: $? = 1
configure: failed program was:
| /* confdefs.h */
| #define PACKAGE_NAME "GD"
| #define PACKAGE_TARNAME "libgd"
| #define PACKAGE_VERSION "2.3.3"
| #define PACKAGE_STRING "GD 2.3.3"
| #define PACKAGE_BUGREPORT "https://github.com/libgd/libgd/issues"
| #define PACKAGE_URL "https://lib.gd"
| #define PACKAGE "libgd"
| #define VERSION "2.3.3"
| #define STDC_HEADERS 1
| #define HAVE_SYS_TYPES_H 1
| #define HAVE_SYS_STAT_H 1
| #define HAVE_STDLIB_H 1
| #define HAVE_STRING_H 1
| #define HAVE_MEMORY_H 1
| #define HAVE_STRINGS_H 1
| #define HAVE_INTTYPES_H 1
| #define HAVE_STDINT_H 1
| #define HAVE_UNISTD_H 1
| #define HAVE_DLFCN_H 1
| #define LT_OBJDIR ".libs/"
| /* end confdefs.h.  */
| #include <X11/Xlib.h>
configure:9632: gcc -o conftest -g -O2   conftest.c -lX11  >&5
conftest.c:23:10: fatal error: X11/Xlib.h: No such file or directory
 #include <X11/Xlib.h>
          ^~~~~~~~~~~~
compilation terminated.
configure:9632: $? = 1
configure: failed program was:
| /* confdefs.h */
| #define PACKAGE_NAME "GD"
| #define PACKAGE_TARNAME "libgd"
| #define PACKAGE_VERSION "2.3.3"
| #define PACKAGE_STRING "GD 2.3.3"
| #define PACKAGE_BUGREPORT "https://github.com/libgd/libgd/issues"
| #define PACKAGE_URL "https://lib.gd"
| #define PACKAGE "libgd"
| #define VERSION "2.3.3"
| #define STDC_HEADERS 1
| #define HAVE_SYS_TYPES_H 1
| #define HAVE_SYS_STAT_H 1
| #define HAVE_STDLIB_H 1
| #define HAVE_STRING_H 1
| #define HAVE_MEMORY_H 1
| #define HAVE_STRINGS_H 1
| #define HAVE_INTTYPES_H 1
| #define HAVE_STDINT_H 1
| #define HAVE_UNISTD_H 1
| #define HAVE_DLFCN_H 1
| #define LT_OBJDIR ".libs/"
| /* end confdefs.h.  */
| #include <X11/Xlib.h>
| int
| main ()
| {
| XrmInitialize ()
|   ;
|   return 0;
| }
configure:9671: result: no
configure:9694: checking for ANSI C header files
configure:9798: result: yes
configure:9812: checking for dirent.h
configure:9812: gcc -c -g -O2  conftest.c >&5
configure:9812: $? = 0
configure:9812: result: yes
configure:9812: checking for inttypes.h
configure:9812: result: yes
configure:9812: checking for stdint.h
configure:9812: result: yes
configure:9812: checking for strings.h
configure:9812: result: yes
configure:9812: checking for unistd.h
configure:9812: result: yes
configure:9812: checking for sys/stat.h
configure:9812: result: yes
configure:9812: checking for sys/types.h
configure:9812: result: yes
configure:9881: checking for ld used by gcc
configure:9948: result: /usr/bin/ld
configure:9955: checking if the linker (/usr/bin/ld) is GNU ld
configure:9970: result: yes
configure:9977: checking for shared library run path origin
configure:9990: result: done
configure:10568: checking for iconv
configure:10592: gcc -o conftest -g -O2   conftest.c  >&5
configure:10592: $? = 0
configure:10626: result: yes
configure:10629: checking for working iconv
configure:10758: gcc -o conftest -g -O2   conftest.c  >&5
configure:10758: $? = 0
configure:10758: ./conftest
configure:10758: $? = 0
configure:10770: result: yes
configure:10798: checking for iconv declaration
configure:10827: gcc -c -g -O2  conftest.c >&5
configure:10827: $? = 0
configure:10838: result:
         extern size_t iconv (iconv_t cd, char * *inbuf, size_t *inbytesleft, char * *outbuf, size_t *outbytesleft);
configure:10855: checking iconv.h usability
configure:10855: gcc -c -g -O2  conftest.c >&5
configure:10855: $? = 0
configure:10855: result: yes
configure:10855: checking iconv.h presence
configure:10855: gcc -E  conftest.c
configure:10855: $? = 0
configure:10855: result: yes
configure:10855: checking for iconv.h
configure:10855: result: yes
configure:10860: checking whether iconv.h defines iconv_t
configure:10869: result: yes
configure:10894: checking for sin
configure:10894: gcc -o conftest -g -O2   conftest.c  >&5
conftest.c:58:6: warning: conflicting types for built-in function 'sin' [-Wbuiltin-declaration-mismatch]
 char sin ();
      ^~~
/usr/bin/ld: /tmp/ccYiFP7A.o: in function `main':
/home/pi/OS_course_programs/display_text/new/libgd-2.3.3/libgd-2.3.3/conftest.c:69: undefined reference to `sin'
collect2: error: ld returned 1 exit status
configure:10894: $? = 1
configure: failed program was:
| /* confdefs.h */
| #define PACKAGE_NAME "GD"
| #define PACKAGE_TARNAME "libgd"
| #define PACKAGE_VERSION "2.3.3"
| #define PACKAGE_STRING "GD 2.3.3"
| #define PACKAGE_BUGREPORT "https://github.com/libgd/libgd/issues"
| #define PACKAGE_URL "https://lib.gd"
| #define PACKAGE "libgd"
| #define VERSION "2.3.3"
| #define STDC_HEADERS 1
| #define HAVE_SYS_TYPES_H 1
| #define HAVE_SYS_STAT_H 1
| #define HAVE_STDLIB_H 1
| #define HAVE_STRING_H 1
| #define HAVE_MEMORY_H 1
| #define HAVE_STRINGS_H 1
| #define HAVE_INTTYPES_H 1
| #define HAVE_STDINT_H 1
| #define HAVE_UNISTD_H 1
| #define HAVE_DLFCN_H 1
| #define LT_OBJDIR ".libs/"
| #define STDC_HEADERS 1
| #define HAVE_DIRENT_H 1
| #define HAVE_INTTYPES_H 1
| #define HAVE_STDINT_H 1
| #define HAVE_STRINGS_H 1
| #define HAVE_UNISTD_H 1
| #define HAVE_SYS_STAT_H 1
| #define HAVE_SYS_TYPES_H 1
| #define HAVE_ICONV 1
| #define ICONV_CONST 
| #define HAVE_ICONV_H 1
| #define HAVE_ICONV_T_DEF 1
| /* end confdefs.h.  */
| /* Define sin to an innocuous variant, in case <limits.h> declares sin.
|    For example, HP-UX 11i <limits.h> declares gettimeofday.  */
| #define sin innocuous_sin
| 
| /* System header to define __stub macros and hopefully few prototypes,
|     which can conflict with char sin (); below.
|     Prefer <limits.h> to <assert.h> if __STDC__ is defined, since
|     <limits.h> exists even on freestanding compilers.  */
| 
| #ifdef __STDC__
| # include <limits.h>
| #else
| # include <assert.h>
| #endif
| 
| #undef sin
| 
| /* Override any GCC internal prototype to avoid an error.
|    Use char because int might match the return type of a GCC
|    builtin and then its argument prototype would still apply.  */
| #ifdef __cplusplus
| extern "C"
| #endif
| char sin ();
| /* The GNU C library defines this for functions which it implements
|     to always fail with ENOSYS.  Some functions are actually named
|     something starting with __ and the normal name is an alias.  */
| #if defined __stub_sin || defined __stub___sin
| choke me
| #endif
| 
| int
| main ()
| {
| return sin ();
|   ;
|   return 0;
| }
configure:10894: result: no
configure:10898: checking for sin in -lm
configure:10923: gcc -o conftest -g -O2   conftest.c -lm   >&5
conftest.c:42:6: warning: conflicting types for built-in function 'sin' [-Wbuiltin-declaration-mismatch]
 char sin ();
      ^~~
configure:10923: $? = 0
configure:10932: result: yes
configure:11129: checking whether gcc is Clang
configure:11154: result: no
configure:11277: checking whether pthreads work with -pthread
configure:11371: gcc -o conftest -g -O2 -pthread   conftest.c  -lm  >&5
configure:11371: $? = 0
configure:11380: result: yes
configure:11399: checking for joinable pthread attribute
configure:11417: gcc -o conftest -g -O2 -pthread   conftest.c  -lm  >&5
configure:11417: $? = 0
configure:11425: result: PTHREAD_CREATE_JOINABLE
configure:11439: checking whether more special flags are required for pthreads
configure:11452: result: no
configure:11460: checking for PTHREAD_PRIO_INHERIT
configure:11476: gcc -o conftest -g -O2 -pthread   conftest.c  -lm  >&5
configure:11476: $? = 0
configure:11485: result: yes
configure:11589: checking for OpenMP flag of C compiler
configure:11629: gcc -o conftest -g -O2 -fopenmp   conftest.c -lm  >&5
configure:11629: $? = 0
configure:11638: result: -fopenmp
configure:11652: checking whether to support gd image formats
configure:11661: result: no
configure:11686: checking whether to support zlib
configure:11696: result: auto
configure:11721: checking for LIBZ
configure:11728: $PKG_CONFIG --exists --print-errors "zlib"
configure:11731: $? = 0
configure:11745: $PKG_CONFIG --exists --print-errors "zlib"
configure:11748: $? = 0
configure:11870: result: yes
configure:11910: checking whether to support png
configure:11920: result: auto
configure:11945: checking for LIBPNG
configure:11952: $PKG_CONFIG --exists --print-errors "libpng"
configure:11955: $? = 0
configure:11969: $PKG_CONFIG --exists --print-errors "libpng"
configure:11972: $? = 0
configure:12024: result: yes
configure:12064: checking whether to support freetype
configure:12074: result: auto
configure:12099: checking for LIBFREETYPE
configure:12106: $PKG_CONFIG --exists --print-errors "freetype2 >= 9.8.3"
configure:12109: $? = 0
configure:12123: $PKG_CONFIG --exists --print-errors "freetype2 >= 9.8.3"
configure:12126: $? = 0
configure:12178: result: yes
configure:12223: checking whether to support raqm
configure:12233: result: auto
configure:12258: checking for LIBRAQM
configure:12265: $PKG_CONFIG --exists --print-errors "raqm"
Package raqm was not found in the pkg-config search path.
Perhaps you should add the directory containing `raqm.pc'
to the PKG_CONFIG_PATH environment variable
No package 'raqm' found
configure:12268: $? = 1
configure:12282: $PKG_CONFIG --exists --print-errors "raqm"
Package raqm was not found in the pkg-config search path.
Perhaps you should add the directory containing `raqm.pc'
to the PKG_CONFIG_PATH environment variable
No package 'raqm' found
configure:12285: $? = 1
configure:12299: result: no
No package 'raqm' found
configure:12316: checking for raqm_create in -lraqm
configure:12341: gcc -o conftest -g -O2     -I/usr/include/libpng16  -I/usr/include/freetype2 -I/usr/include/libpng16  conftest.c -lraqm  -lm   -lz  -lpng16 -lz  -lfreetype >&5
/usr/bin/ld: cannot find -lraqm
collect2: error: ld returned 1 exit status
configure:12341: $? = 1
configure: failed program was:
| /* confdefs.h */
| #define PACKAGE_NAME "GD"
| #define PACKAGE_TARNAME "libgd"
| #define PACKAGE_VERSION "2.3.3"
| #define PACKAGE_STRING "GD 2.3.3"
| #define PACKAGE_BUGREPORT "https://github.com/libgd/libgd/issues"
| #define PACKAGE_URL "https://lib.gd"
| #define PACKAGE "libgd"
| #define VERSION "2.3.3"
| #define STDC_HEADERS 1
| #define HAVE_SYS_TYPES_H 1
| #define HAVE_SYS_STAT_H 1
| #define HAVE_STDLIB_H 1
| #define HAVE_STRING_H 1
| #define HAVE_MEMORY_H 1
| #define HAVE_STRINGS_H 1
| #define HAVE_INTTYPES_H 1
| #define HAVE_STDINT_H 1
| #define HAVE_UNISTD_H 1
| #define HAVE_DLFCN_H 1
| #define LT_OBJDIR ".libs/"
| #define STDC_HEADERS 1
| #define HAVE_DIRENT_H 1
| #define HAVE_INTTYPES_H 1
| #define HAVE_STDINT_H 1
| #define HAVE_STRINGS_H 1
| #define HAVE_UNISTD_H 1
| #define HAVE_SYS_STAT_H 1
| #define HAVE_SYS_TYPES_H 1
| #define HAVE_ICONV 1
| #define ICONV_CONST 
| #define HAVE_ICONV_H 1
| #define HAVE_ICONV_T_DEF 1
| #define HAVE_LIBM 1
| #define HAVE_PTHREAD_PRIO_INHERIT 1
| #define HAVE_PTHREAD 1
| #define HAVE_OPENMP 1
| #define ENABLE_GD_FORMATS 0
| #define HAVE_LIBZ 1
| #define HAVE_LIBPNG 1
| #define HAVE_LIBFREETYPE 1
| #define HAVE_FT2BUILD_H 1
| /* end confdefs.h.  */
| 
| /* Override any GCC internal prototype to avoid an error.
|    Use char because int might match the return type of a GCC
|    builtin and then its argument prototype would still apply.  */
| #ifdef __cplusplus
| extern "C"
| #endif
| char raqm_create ();
| int
| main ()
| {
| return raqm_create ();
|   ;
|   return 0;
| }
configure:12350: result: no
configure:12433: Disabling support for raqm
configure:12449: checking whether to support fontconfig
configure:12459: result: auto
configure:12484: checking for LIBFONTCONFIG
configure:12491: $PKG_CONFIG --exists --print-errors "fontconfig"
Package fontconfig was not found in the pkg-config search path.
Perhaps you should add the directory containing `fontconfig.pc'
to the PKG_CONFIG_PATH environment variable
No package 'fontconfig' found
configure:12494: $? = 1
configure:12508: $PKG_CONFIG --exists --print-errors "fontconfig"
Package fontconfig was not found in the pkg-config search path.
Perhaps you should add the directory containing `fontconfig.pc'
to the PKG_CONFIG_PATH environment variable
No package 'fontconfig' found
configure:12511: $? = 1
configure:12525: result: no
No package 'fontconfig' found
configure:12542: checking for FcInit in -lfontconfig
configure:12567: gcc -o conftest -g -O2     -I/usr/include/libpng16  -I/usr/include/freetype2 -I/usr/include/libpng16  conftest.c -lfontconfig  -lm   -lz  -lpng16 -lz  -lfreetype >&5
/usr/bin/ld: cannot find -lfontconfig
collect2: error: ld returned 1 exit status
configure:12567: $? = 1
configure: failed program was:
| /* confdefs.h */
| #define PACKAGE_NAME "GD"
| #define PACKAGE_TARNAME "libgd"
| #define PACKAGE_VERSION "2.3.3"
| #define PACKAGE_STRING "GD 2.3.3"
| #define PACKAGE_BUGREPORT "https://github.com/libgd/libgd/issues"
| #define PACKAGE_URL "https://lib.gd"
| #define PACKAGE "libgd"
| #define VERSION "2.3.3"
| #define STDC_HEADERS 1
| #define HAVE_SYS_TYPES_H 1
| #define HAVE_SYS_STAT_H 1
| #define HAVE_STDLIB_H 1
| #define HAVE_STRING_H 1
| #define HAVE_MEMORY_H 1
| #define HAVE_STRINGS_H 1
| #define HAVE_INTTYPES_H 1
| #define HAVE_STDINT_H 1
| #define HAVE_UNISTD_H 1
| #define HAVE_DLFCN_H 1
| #define LT_OBJDIR ".libs/"
| #define STDC_HEADERS 1
| #define HAVE_DIRENT_H 1
| #define HAVE_INTTYPES_H 1
| #define HAVE_STDINT_H 1
| #define HAVE_STRINGS_H 1
| #define HAVE_UNISTD_H 1
| #define HAVE_SYS_STAT_H 1
| #define HAVE_SYS_TYPES_H 1
| #define HAVE_ICONV 1
| #define ICONV_CONST 
| #define HAVE_ICONV_H 1
| #define HAVE_ICONV_T_DEF 1
| #define HAVE_LIBM 1
| #define HAVE_PTHREAD_PRIO_INHERIT 1
| #define HAVE_PTHREAD 1
| #define HAVE_OPENMP 1
| #define ENABLE_GD_FORMATS 0
| #define HAVE_LIBZ 1
| #define HAVE_LIBPNG 1
| #define HAVE_LIBFREETYPE 1
| #define HAVE_FT2BUILD_H 1
| /* end confdefs.h.  */
| 
| /* Override any GCC internal prototype to avoid an error.
|    Use char because int might match the return type of a GCC
|    builtin and then its argument prototype would still apply.  */
| #ifdef __cplusplus
| extern "C"
| #endif
| char FcInit ();
| int
| main ()
| {
| return FcInit ();
|   ;
|   return 0;
| }
configure:12576: result: no
configure:12659: Disabling support for fontconfig
configure:12675: checking whether to support jpeg
configure:12685: result: auto
configure:12710: checking for LIBJPEG
configure:12717: $PKG_CONFIG --exists --print-errors "libjpeg"
Package libjpeg was not found in the pkg-config search path.
Perhaps you should add the directory containing `libjpeg.pc'
to the PKG_CONFIG_PATH environment variable
No package 'libjpeg' found
configure:12720: $? = 1
configure:12734: $PKG_CONFIG --exists --print-errors "libjpeg"
Package libjpeg was not found in the pkg-config search path.
Perhaps you should add the directory containing `libjpeg.pc'
to the PKG_CONFIG_PATH environment variable
No package 'libjpeg' found
configure:12737: $? = 1
configure:12751: result: no
No package 'libjpeg' found
configure:12768: checking for jpeg_set_defaults in -ljpeg
configure:12793: gcc -o conftest -g -O2     -I/usr/include/libpng16  -I/usr/include/freetype2 -I/usr/include/libpng16  conftest.c -ljpeg  -lm   -lz  -lpng16 -lz  -lfreetype >&5
/usr/bin/ld: cannot find -ljpeg
collect2: error: ld returned 1 exit status
configure:12793: $? = 1
configure: failed program was:
| /* confdefs.h */
| #define PACKAGE_NAME "GD"
| #define PACKAGE_TARNAME "libgd"
| #define PACKAGE_VERSION "2.3.3"
| #define PACKAGE_STRING "GD 2.3.3"
| #define PACKAGE_BUGREPORT "https://github.com/libgd/libgd/issues"
| #define PACKAGE_URL "https://lib.gd"
| #define PACKAGE "libgd"
| #define VERSION "2.3.3"
| #define STDC_HEADERS 1
| #define HAVE_SYS_TYPES_H 1
| #define HAVE_SYS_STAT_H 1
| #define HAVE_STDLIB_H 1
| #define HAVE_STRING_H 1
| #define HAVE_MEMORY_H 1
| #define HAVE_STRINGS_H 1
| #define HAVE_INTTYPES_H 1
| #define HAVE_STDINT_H 1
| #define HAVE_UNISTD_H 1
| #define HAVE_DLFCN_H 1
| #define LT_OBJDIR ".libs/"
| #define STDC_HEADERS 1
| #define HAVE_DIRENT_H 1
| #define HAVE_INTTYPES_H 1
| #define HAVE_STDINT_H 1
| #define HAVE_STRINGS_H 1
| #define HAVE_UNISTD_H 1
| #define HAVE_SYS_STAT_H 1
| #define HAVE_SYS_TYPES_H 1
| #define HAVE_ICONV 1
| #define ICONV_CONST 
| #define HAVE_ICONV_H 1
| #define HAVE_ICONV_T_DEF 1
| #define HAVE_LIBM 1
| #define HAVE_PTHREAD_PRIO_INHERIT 1
| #define HAVE_PTHREAD 1
| #define HAVE_OPENMP 1
| #define ENABLE_GD_FORMATS 0
| #define HAVE_LIBZ 1
| #define HAVE_LIBPNG 1
| #define HAVE_LIBFREETYPE 1
| #define HAVE_FT2BUILD_H 1
| /* end confdefs.h.  */
| 
| /* Override any GCC internal prototype to avoid an error.
|    Use char because int might match the return type of a GCC
|    builtin and then its argument prototype would still apply.  */
| #ifdef __cplusplus
| extern "C"
| #endif
| char jpeg_set_defaults ();
| int
| main ()
| {
| return jpeg_set_defaults ();
|   ;
|   return 0;
| }
configure:12802: result: no
configure:12885: Disabling support for jpeg
configure:12901: checking whether to support liq
configure:12911: result: auto
configure:12935: checking libimagequant.h usability
configure:12935: gcc -c -g -O2     -I/usr/include/libpng16  -I/usr/include/freetype2 -I/usr/include/libpng16 conftest.c >&5
conftest.c:77:10: fatal error: libimagequant.h: No such file or directory
 #include <libimagequant.h>
          ^~~~~~~~~~~~~~~~~
compilation terminated.
configure:12935: $? = 1
configure: failed program was:
| /* confdefs.h */
| #define PACKAGE_NAME "GD"
| #define PACKAGE_TARNAME "libgd"
| #define PACKAGE_VERSION "2.3.3"
| #define PACKAGE_STRING "GD 2.3.3"
| #define PACKAGE_BUGREPORT "https://github.com/libgd/libgd/issues"
| #define PACKAGE_URL "https://lib.gd"
| #define PACKAGE "libgd"
| #define VERSION "2.3.3"
| #define STDC_HEADERS 1
| #define HAVE_SYS_TYPES_H 1
| #define HAVE_SYS_STAT_H 1
| #define HAVE_STDLIB_H 1
| #define HAVE_STRING_H 1
| #define HAVE_MEMORY_H 1
| #define HAVE_STRINGS_H 1
| #define HAVE_INTTYPES_H 1
| #define HAVE_STDINT_H 1
| #define HAVE_UNISTD_H 1
| #define HAVE_DLFCN_H 1
| #define LT_OBJDIR ".libs/"
| #define STDC_HEADERS 1
| #define HAVE_DIRENT_H 1
| #define HAVE_INTTYPES_H 1
| #define HAVE_STDINT_H 1
| #define HAVE_STRINGS_H 1
| #define HAVE_UNISTD_H 1
| #define HAVE_SYS_STAT_H 1
| #define HAVE_SYS_TYPES_H 1
| #define HAVE_ICONV 1
| #define ICONV_CONST 
| #define HAVE_ICONV_H 1
| #define HAVE_ICONV_T_DEF 1
| #define HAVE_LIBM 1
| #define HAVE_PTHREAD_PRIO_INHERIT 1
| #define HAVE_PTHREAD 1
| #define HAVE_OPENMP 1
| #define ENABLE_GD_FORMATS 0
| #define HAVE_LIBZ 1
| #define HAVE_LIBPNG 1
| #define HAVE_LIBFREETYPE 1
| #define HAVE_FT2BUILD_H 1
| /* end confdefs.h.  */
| #include <stdio.h>
| #ifdef HAVE_SYS_TYPES_H
| # include <sys/types.h>
| #endif
| #ifdef HAVE_SYS_STAT_H
| # include <sys/stat.h>
| #endif
| #ifdef STDC_HEADERS
| # include <stdlib.h>
| # include <stddef.h>
| #else
| # ifdef HAVE_STDLIB_H
| #  include <stdlib.h>
| # endif
| #endif
| #ifdef HAVE_STRING_H
| # if !defined STDC_HEADERS && defined HAVE_MEMORY_H
| #  include <memory.h>
| # endif
| # include <string.h>
| #endif
| #ifdef HAVE_STRINGS_H
| # include <strings.h>
| #endif
| #ifdef HAVE_INTTYPES_H
| # include <inttypes.h>
| #endif
| #ifdef HAVE_STDINT_H
| # include <stdint.h>
| #endif
| #ifdef HAVE_UNISTD_H
| # include <unistd.h>
| #endif
| #include <libimagequant.h>
configure:12935: result: no
configure:12935: checking libimagequant.h presence
configure:12935: gcc -E     -I/usr/include/libpng16  -I/usr/include/freetype2 -I/usr/include/libpng16 conftest.c
conftest.c:44:10: fatal error: libimagequant.h: No such file or directory
 #include <libimagequant.h>
          ^~~~~~~~~~~~~~~~~
compilation terminated.
configure:12935: $? = 1
configure: failed program was:
| /* confdefs.h */
| #define PACKAGE_NAME "GD"
| #define PACKAGE_TARNAME "libgd"
| #define PACKAGE_VERSION "2.3.3"
| #define PACKAGE_STRING "GD 2.3.3"
| #define PACKAGE_BUGREPORT "https://github.com/libgd/libgd/issues"
| #define PACKAGE_URL "https://lib.gd"
| #define PACKAGE "libgd"
| #define VERSION "2.3.3"
| #define STDC_HEADERS 1
| #define HAVE_SYS_TYPES_H 1
| #define HAVE_SYS_STAT_H 1
| #define HAVE_STDLIB_H 1
| #define HAVE_STRING_H 1
| #define HAVE_MEMORY_H 1
| #define HAVE_STRINGS_H 1
| #define HAVE_INTTYPES_H 1
| #define HAVE_STDINT_H 1
| #define HAVE_UNISTD_H 1
| #define HAVE_DLFCN_H 1
| #define LT_OBJDIR ".libs/"
| #define STDC_HEADERS 1
| #define HAVE_DIRENT_H 1
| #define HAVE_INTTYPES_H 1
| #define HAVE_STDINT_H 1
| #define HAVE_STRINGS_H 1
| #define HAVE_UNISTD_H 1
| #define HAVE_SYS_STAT_H 1
| #define HAVE_SYS_TYPES_H 1
| #define HAVE_ICONV 1
| #define ICONV_CONST 
| #define HAVE_ICONV_H 1
| #define HAVE_ICONV_T_DEF 1
| #define HAVE_LIBM 1
| #define HAVE_PTHREAD_PRIO_INHERIT 1
| #define HAVE_PTHREAD 1
| #define HAVE_OPENMP 1
| #define ENABLE_GD_FORMATS 0
| #define HAVE_LIBZ 1
| #define HAVE_LIBPNG 1
| #define HAVE_LIBFREETYPE 1
| #define HAVE_FT2BUILD_H 1
| /* end confdefs.h.  */
| #include <libimagequant.h>
configure:12935: result: no
configure:12935: checking for libimagequant.h
configure:12935: result: no
configure:13007: Disabling support for liq
configure:13022: checking whether to support xpm
configure:13032: result: auto
configure:13057: checking for LIBXPM
configure:13064: $PKG_CONFIG --exists --print-errors "xpm"
Package xpm was not found in the pkg-config search path.
Perhaps you should add the directory containing `xpm.pc'
to the PKG_CONFIG_PATH environment variable
No package 'xpm' found
configure:13067: $? = 1
configure:13081: $PKG_CONFIG --exists --print-errors "xpm"
Package xpm was not found in the pkg-config search path.
Perhaps you should add the directory containing `xpm.pc'
to the PKG_CONFIG_PATH environment variable
No package 'xpm' found
configure:13084: $? = 1
configure:13098: result: no
No package 'xpm' found
configure:13115: checking for XpmReadFileToXpmImage in -lXpm
configure:13140: gcc -o conftest -g -O2     -I/usr/include/libpng16  -I/usr/include/freetype2 -I/usr/include/libpng16  conftest.c -lXpm  -lm   -lz  -lpng16 -lz  -lfreetype >&5
/usr/bin/ld: cannot find -lXpm
collect2: error: ld returned 1 exit status
configure:13140: $? = 1
configure: failed program was:
| /* confdefs.h */
| #define PACKAGE_NAME "GD"
| #define PACKAGE_TARNAME "libgd"
| #define PACKAGE_VERSION "2.3.3"
| #define PACKAGE_STRING "GD 2.3.3"
| #define PACKAGE_BUGREPORT "https://github.com/libgd/libgd/issues"
| #define PACKAGE_URL "https://lib.gd"
| #define PACKAGE "libgd"
| #define VERSION "2.3.3"
| #define STDC_HEADERS 1
| #define HAVE_SYS_TYPES_H 1
| #define HAVE_SYS_STAT_H 1
| #define HAVE_STDLIB_H 1
| #define HAVE_STRING_H 1
| #define HAVE_MEMORY_H 1
| #define HAVE_STRINGS_H 1
| #define HAVE_INTTYPES_H 1
| #define HAVE_STDINT_H 1
| #define HAVE_UNISTD_H 1
| #define HAVE_DLFCN_H 1
| #define LT_OBJDIR ".libs/"
| #define STDC_HEADERS 1
| #define HAVE_DIRENT_H 1
| #define HAVE_INTTYPES_H 1
| #define HAVE_STDINT_H 1
| #define HAVE_STRINGS_H 1
| #define HAVE_UNISTD_H 1
| #define HAVE_SYS_STAT_H 1
| #define HAVE_SYS_TYPES_H 1
| #define HAVE_ICONV 1
| #define ICONV_CONST 
| #define HAVE_ICONV_H 1
| #define HAVE_ICONV_T_DEF 1
| #define HAVE_LIBM 1
| #define HAVE_PTHREAD_PRIO_INHERIT 1
| #define HAVE_PTHREAD 1
| #define HAVE_OPENMP 1
| #define ENABLE_GD_FORMATS 0
| #define HAVE_LIBZ 1
| #define HAVE_LIBPNG 1
| #define HAVE_LIBFREETYPE 1
| #define HAVE_FT2BUILD_H 1
| /* end confdefs.h.  */
| 
| /* Override any GCC internal prototype to avoid an error.
|    Use char because int might match the return type of a GCC
|    builtin and then its argument prototype would still apply.  */
| #ifdef __cplusplus
| extern "C"
| #endif
| char XpmReadFileToXpmImage ();
| int
| main ()
| {
| return XpmReadFileToXpmImage ();
|   ;
|   return 0;
| }
configure:13149: result: no
configure:13232: Disabling support for xpm
configure:13248: checking whether to support tiff
configure:13258: result: auto
configure:13283: checking for LIBTIFF
configure:13290: $PKG_CONFIG --exists --print-errors "libtiff-4"
Package libtiff-4 was not found in the pkg-config search path.
Perhaps you should add the directory containing `libtiff-4.pc'
to the PKG_CONFIG_PATH environment variable
No package 'libtiff-4' found
configure:13293: $? = 1
configure:13307: $PKG_CONFIG --exists --print-errors "libtiff-4"
Package libtiff-4 was not found in the pkg-config search path.
Perhaps you should add the directory containing `libtiff-4.pc'
to the PKG_CONFIG_PATH environment variable
No package 'libtiff-4' found
configure:13310: $? = 1
configure:13324: result: no
No package 'libtiff-4' found
configure:13341: checking for TIFFClientOpen in -ltiff
configure:13366: gcc -o conftest -g -O2     -I/usr/include/libpng16  -I/usr/include/freetype2 -I/usr/include/libpng16  conftest.c -ltiff  -lm   -lz  -lpng16 -lz  -lfreetype >&5
/usr/bin/ld: cannot find -ltiff
collect2: error: ld returned 1 exit status
configure:13366: $? = 1
configure: failed program was:
| /* confdefs.h */
| #define PACKAGE_NAME "GD"
| #define PACKAGE_TARNAME "libgd"
| #define PACKAGE_VERSION "2.3.3"
| #define PACKAGE_STRING "GD 2.3.3"
| #define PACKAGE_BUGREPORT "https://github.com/libgd/libgd/issues"
| #define PACKAGE_URL "https://lib.gd"
| #define PACKAGE "libgd"
| #define VERSION "2.3.3"
| #define STDC_HEADERS 1
| #define HAVE_SYS_TYPES_H 1
| #define HAVE_SYS_STAT_H 1
| #define HAVE_STDLIB_H 1
| #define HAVE_STRING_H 1
| #define HAVE_MEMORY_H 1
| #define HAVE_STRINGS_H 1
| #define HAVE_INTTYPES_H 1
| #define HAVE_STDINT_H 1
| #define HAVE_UNISTD_H 1
| #define HAVE_DLFCN_H 1
| #define LT_OBJDIR ".libs/"
| #define STDC_HEADERS 1
| #define HAVE_DIRENT_H 1
| #define HAVE_INTTYPES_H 1
| #define HAVE_STDINT_H 1
| #define HAVE_STRINGS_H 1
| #define HAVE_UNISTD_H 1
| #define HAVE_SYS_STAT_H 1
| #define HAVE_SYS_TYPES_H 1
| #define HAVE_ICONV 1
| #define ICONV_CONST 
| #define HAVE_ICONV_H 1
| #define HAVE_ICONV_T_DEF 1
| #define HAVE_LIBM 1
| #define HAVE_PTHREAD_PRIO_INHERIT 1
| #define HAVE_PTHREAD 1
| #define HAVE_OPENMP 1
| #define ENABLE_GD_FORMATS 0
| #define HAVE_LIBZ 1
| #define HAVE_LIBPNG 1
| #define HAVE_LIBFREETYPE 1
| #define HAVE_FT2BUILD_H 1
| /* end confdefs.h.  */
| 
| /* Override any GCC internal prototype to avoid an error.
|    Use char because int might match the return type of a GCC
|    builtin and then its argument prototype would still apply.  */
| #ifdef __cplusplus
| extern "C"
| #endif
| char TIFFClientOpen ();
| int
| main ()
| {
| return TIFFClientOpen ();
|   ;
|   return 0;
| }
configure:13375: result: no
configure:13458: Disabling support for tiff
configure:13474: checking whether to support webp
configure:13484: result: auto
configure:13509: checking for LIBWEBP
configure:13516: $PKG_CONFIG --exists --print-errors "libwebp >= 0.2.0"
Package libwebp was not found in the pkg-config search path.
Perhaps you should add the directory containing `libwebp.pc'
to the PKG_CONFIG_PATH environment variable
No package 'libwebp' found
configure:13519: $? = 1
configure:13533: $PKG_CONFIG --exists --print-errors "libwebp >= 0.2.0"
Package libwebp was not found in the pkg-config search path.
Perhaps you should add the directory containing `libwebp.pc'
to the PKG_CONFIG_PATH environment variable
No package 'libwebp' found
configure:13536: $? = 1
configure:13550: result: no
No package 'libwebp' found
configure:13567: checking for WebPGetInfo in -lwebp
configure:13592: gcc -o conftest -g -O2     -I/usr/include/libpng16  -I/usr/include/freetype2 -I/usr/include/libpng16  conftest.c -lwebp  -lm   -lz  -lpng16 -lz  -lfreetype >&5
/usr/bin/ld: cannot find -lwebp
collect2: error: ld returned 1 exit status
configure:13592: $? = 1
configure: failed program was:
| /* confdefs.h */
| #define PACKAGE_NAME "GD"
| #define PACKAGE_TARNAME "libgd"
| #define PACKAGE_VERSION "2.3.3"
| #define PACKAGE_STRING "GD 2.3.3"
| #define PACKAGE_BUGREPORT "https://github.com/libgd/libgd/issues"
| #define PACKAGE_URL "https://lib.gd"
| #define PACKAGE "libgd"
| #define VERSION "2.3.3"
| #define STDC_HEADERS 1
| #define HAVE_SYS_TYPES_H 1
| #define HAVE_SYS_STAT_H 1
| #define HAVE_STDLIB_H 1
| #define HAVE_STRING_H 1
| #define HAVE_MEMORY_H 1
| #define HAVE_STRINGS_H 1
| #define HAVE_INTTYPES_H 1
| #define HAVE_STDINT_H 1
| #define HAVE_UNISTD_H 1
| #define HAVE_DLFCN_H 1
| #define LT_OBJDIR ".libs/"
| #define STDC_HEADERS 1
| #define HAVE_DIRENT_H 1
| #define HAVE_INTTYPES_H 1
| #define HAVE_STDINT_H 1
| #define HAVE_STRINGS_H 1
| #define HAVE_UNISTD_H 1
| #define HAVE_SYS_STAT_H 1
| #define HAVE_SYS_TYPES_H 1
| #define HAVE_ICONV 1
| #define ICONV_CONST 
| #define HAVE_ICONV_H 1
| #define HAVE_ICONV_T_DEF 1
| #define HAVE_LIBM 1
| #define HAVE_PTHREAD_PRIO_INHERIT 1
| #define HAVE_PTHREAD 1
| #define HAVE_OPENMP 1
| #define ENABLE_GD_FORMATS 0
| #define HAVE_LIBZ 1
| #define HAVE_LIBPNG 1
| #define HAVE_LIBFREETYPE 1
| #define HAVE_FT2BUILD_H 1
| /* end confdefs.h.  */
| 
| /* Override any GCC internal prototype to avoid an error.
|    Use char because int might match the return type of a GCC
|    builtin and then its argument prototype would still apply.  */
| #ifdef __cplusplus
| extern "C"
| #endif
| char WebPGetInfo ();
| int
| main ()
| {
| return WebPGetInfo ();
|   ;
|   return 0;
| }
configure:13601: result: no
configure:13684: Disabling support for webp
configure:13700: checking whether to support heif
configure:13710: result: auto
configure:13735: checking for LIBHEIF
configure:13742: $PKG_CONFIG --exists --print-errors "libheif >= 1.7.0"
Package libheif was not found in the pkg-config search path.
Perhaps you should add the directory containing `libheif.pc'
to the PKG_CONFIG_PATH environment variable
No package 'libheif' found
configure:13745: $? = 1
configure:13759: $PKG_CONFIG --exists --print-errors "libheif >= 1.7.0"
Package libheif was not found in the pkg-config search path.
Perhaps you should add the directory containing `libheif.pc'
to the PKG_CONFIG_PATH environment variable
No package 'libheif' found
configure:13762: $? = 1
configure:13776: result: no
No package 'libheif' found
configure:13793: checking for heif_get_version in -lheif
configure:13818: gcc -o conftest -g -O2     -I/usr/include/libpng16  -I/usr/include/freetype2 -I/usr/include/libpng16  conftest.c -lheif  -lm   -lz  -lpng16 -lz  -lfreetype >&5
/usr/bin/ld: cannot find -lheif
collect2: error: ld returned 1 exit status
configure:13818: $? = 1
configure: failed program was:
| /* confdefs.h */
| #define PACKAGE_NAME "GD"
| #define PACKAGE_TARNAME "libgd"
| #define PACKAGE_VERSION "2.3.3"
| #define PACKAGE_STRING "GD 2.3.3"
| #define PACKAGE_BUGREPORT "https://github.com/libgd/libgd/issues"
| #define PACKAGE_URL "https://lib.gd"
| #define PACKAGE "libgd"
| #define VERSION "2.3.3"
| #define STDC_HEADERS 1
| #define HAVE_SYS_TYPES_H 1
| #define HAVE_SYS_STAT_H 1
| #define HAVE_STDLIB_H 1
| #define HAVE_STRING_H 1
| #define HAVE_MEMORY_H 1
| #define HAVE_STRINGS_H 1
| #define HAVE_INTTYPES_H 1
| #define HAVE_STDINT_H 1
| #define HAVE_UNISTD_H 1
| #define HAVE_DLFCN_H 1
| #define LT_OBJDIR ".libs/"
| #define STDC_HEADERS 1
| #define HAVE_DIRENT_H 1
| #define HAVE_INTTYPES_H 1
| #define HAVE_STDINT_H 1
| #define HAVE_STRINGS_H 1
| #define HAVE_UNISTD_H 1
| #define HAVE_SYS_STAT_H 1
| #define HAVE_SYS_TYPES_H 1
| #define HAVE_ICONV 1
| #define ICONV_CONST 
| #define HAVE_ICONV_H 1
| #define HAVE_ICONV_T_DEF 1
| #define HAVE_LIBM 1
| #define HAVE_PTHREAD_PRIO_INHERIT 1
| #define HAVE_PTHREAD 1
| #define HAVE_OPENMP 1
| #define ENABLE_GD_FORMATS 0
| #define HAVE_LIBZ 1
| #define HAVE_LIBPNG 1
| #define HAVE_LIBFREETYPE 1
| #define HAVE_FT2BUILD_H 1
| /* end confdefs.h.  */
| 
| /* Override any GCC internal prototype to avoid an error.
|    Use char because int might match the return type of a GCC
|    builtin and then its argument prototype would still apply.  */
| #ifdef __cplusplus
| extern "C"
| #endif
| char heif_get_version ();
| int
| main ()
| {
| return heif_get_version ();
|   ;
|   return 0;
| }
configure:13827: result: no
configure:13908: Disabling support for heif
configure:13924: checking whether to support avif
configure:13934: result: auto
configure:13959: checking for LIBAVIF
configure:13966: $PKG_CONFIG --exists --print-errors "libavif >= 0.8.2"
Package libavif was not found in the pkg-config search path.
Perhaps you should add the directory containing `libavif.pc'
to the PKG_CONFIG_PATH environment variable
No package 'libavif' found
configure:13969: $? = 1
configure:13983: $PKG_CONFIG --exists --print-errors "libavif >= 0.8.2"
Package libavif was not found in the pkg-config search path.
Perhaps you should add the directory containing `libavif.pc'
to the PKG_CONFIG_PATH environment variable
No package 'libavif' found
configure:13986: $? = 1
configure:14000: result: no
No package 'libavif' found
configure:14017: checking for avifVersion in -lavif
configure:14042: gcc -o conftest -g -O2     -I/usr/include/libpng16  -I/usr/include/freetype2 -I/usr/include/libpng16  conftest.c -lavif  -lm   -lz  -lpng16 -lz  -lfreetype >&5
/usr/bin/ld: cannot find -lavif
collect2: error: ld returned 1 exit status
configure:14042: $? = 1
configure: failed program was:
| /* confdefs.h */
| #define PACKAGE_NAME "GD"
| #define PACKAGE_TARNAME "libgd"
| #define PACKAGE_VERSION "2.3.3"
| #define PACKAGE_STRING "GD 2.3.3"
| #define PACKAGE_BUGREPORT "https://github.com/libgd/libgd/issues"
| #define PACKAGE_URL "https://lib.gd"
| #define PACKAGE "libgd"
| #define VERSION "2.3.3"
| #define STDC_HEADERS 1
| #define HAVE_SYS_TYPES_H 1
| #define HAVE_SYS_STAT_H 1
| #define HAVE_STDLIB_H 1
| #define HAVE_STRING_H 1
| #define HAVE_MEMORY_H 1
| #define HAVE_STRINGS_H 1
| #define HAVE_INTTYPES_H 1
| #define HAVE_STDINT_H 1
| #define HAVE_UNISTD_H 1
| #define HAVE_DLFCN_H 1
| #define LT_OBJDIR ".libs/"
| #define STDC_HEADERS 1
| #define HAVE_DIRENT_H 1
| #define HAVE_INTTYPES_H 1
| #define HAVE_STDINT_H 1
| #define HAVE_STRINGS_H 1
| #define HAVE_UNISTD_H 1
| #define HAVE_SYS_STAT_H 1
| #define HAVE_SYS_TYPES_H 1
| #define HAVE_ICONV 1
| #define ICONV_CONST 
| #define HAVE_ICONV_H 1
| #define HAVE_ICONV_T_DEF 1
| #define HAVE_LIBM 1
| #define HAVE_PTHREAD_PRIO_INHERIT 1
| #define HAVE_PTHREAD 1
| #define HAVE_OPENMP 1
| #define ENABLE_GD_FORMATS 0
| #define HAVE_LIBZ 1
| #define HAVE_LIBPNG 1
| #define HAVE_LIBFREETYPE 1
| #define HAVE_FT2BUILD_H 1
| /* end confdefs.h.  */
| 
| /* Override any GCC internal prototype to avoid an error.
|    Use char because int might match the return type of a GCC
|    builtin and then its argument prototype would still apply.  */
| #ifdef __cplusplus
| extern "C"
| #endif
| char avifVersion ();
| int
| main ()
| {
| return avifVersion ();
|   ;
|   return 0;
| }
configure:14051: result: no
configure:14134: Disabling support for avif
configure:14155: checking for simple visibility declarations
configure:14177: gcc -c -g -O2 -fvisibility=hidden     -I/usr/include/libpng16  -I/usr/include/freetype2 -I/usr/include/libpng16 conftest.c >&5
configure:14177: $? = 0
configure:14186: result: yes
configure:14203: checking whether we are building for a Win32 host
configure:14215: gcc -c -g -O2 -fvisibility=hidden     -I/usr/include/libpng16  -I/usr/include/freetype2 -I/usr/include/libpng16 conftest.c >&5
configure:14215: $? = 0
configure:14222: result: no
configure:14237: checking CFLAGS for maximum warnings
configure:14257: gcc -c -g -O2 -fvisibility=hidden -warn all  -warn all     -I/usr/include/libpng16  -I/usr/include/freetype2 -I/usr/include/libpng16 conftest.c >&5
gcc: error: all: No such file or directory
gcc: error: all: No such file or directory
gcc: error: unrecognized command line option '-warn'; did you mean '--warn-'?
gcc: error: unrecognized command line option '-warn'; did you mean '--warn-'?
configure:14257: $? = 1
configure: failed program was:
| /* confdefs.h */
| #define PACKAGE_NAME "GD"
| #define PACKAGE_TARNAME "libgd"
| #define PACKAGE_VERSION "2.3.3"
| #define PACKAGE_STRING "GD 2.3.3"
| #define PACKAGE_BUGREPORT "https://github.com/libgd/libgd/issues"
| #define PACKAGE_URL "https://lib.gd"
| #define PACKAGE "libgd"
| #define VERSION "2.3.3"
| #define STDC_HEADERS 1
| #define HAVE_SYS_TYPES_H 1
| #define HAVE_SYS_STAT_H 1
| #define HAVE_STDLIB_H 1
| #define HAVE_STRING_H 1
| #define HAVE_MEMORY_H 1
| #define HAVE_STRINGS_H 1
| #define HAVE_INTTYPES_H 1
| #define HAVE_STDINT_H 1
| #define HAVE_UNISTD_H 1
| #define HAVE_DLFCN_H 1
| #define LT_OBJDIR ".libs/"
| #define STDC_HEADERS 1
| #define HAVE_DIRENT_H 1
| #define HAVE_INTTYPES_H 1
| #define HAVE_STDINT_H 1
| #define HAVE_STRINGS_H 1
| #define HAVE_UNISTD_H 1
| #define HAVE_SYS_STAT_H 1
| #define HAVE_SYS_TYPES_H 1
| #define HAVE_ICONV 1
| #define ICONV_CONST 
| #define HAVE_ICONV_H 1
| #define HAVE_ICONV_T_DEF 1
| #define HAVE_LIBM 1
| #define HAVE_PTHREAD_PRIO_INHERIT 1
| #define HAVE_PTHREAD 1
| #define HAVE_OPENMP 1
| #define ENABLE_GD_FORMATS 0
| #define HAVE_LIBZ 1
| #define HAVE_LIBPNG 1
| #define HAVE_LIBFREETYPE 1
| #define HAVE_FT2BUILD_H 1
| #define HAVE_VISIBILITY 1
| /* end confdefs.h.  */
| 
| int
| main ()
| {
| 
|   ;
|   return 0;
| }
configure:14257: gcc -c -g -O2 -fvisibility=hidden -pedantic  -Wall     -I/usr/include/libpng16  -I/usr/include/freetype2 -I/usr/include/libpng16 conftest.c >&5
configure:14257: $? = 0
configure:14265: result: -Wall
configure:14285: : CFLAGS="$CFLAGS"
configure:14288: $? = 0
configure:14342: result:
** Configuration summary for libgd 2.3.3:

   Support for gd/gd2 images:        no
   Support for Zlib:                 yes
   Support for PNG library:          yes
   Support for JPEG library:         no
   Support for WebP library:         no
   Support for HEIF library:         no
   Support for AVIF library:         no
   Support for TIFF library:         no
   Support for Freetype 2.x library: yes
   Support for Fontconfig library:   no
   Support for Xpm library:          no
   Support for liq library:          no
   Support for complex text:         no
   Support for pthreads:             yes

configure:14466: checking that generated files are newer than configure
configure:14472: result: done
configure:14547: creating ./config.status

## ---------------------- ##
## Running config.status. ##
## ---------------------- ##

This file was extended by GD config.status 2.3.3, which was
generated by GNU Autoconf 2.69.  Invocation command line was

  CONFIG_FILES    = 
  CONFIG_HEADERS  = 
  CONFIG_LINKS    = 
  CONFIG_COMMANDS = 
  $ ./config.status 

on raspberrypi

config.status:1172: creating Makefile
config.status:1172: creating src/Makefile
config.status:1172: creating tests/Makefile
config.status:1172: creating config/Makefile
config.status:1172: creating config/gdlib.pc
config.status:1172: creating src/config.h
config.status:1401: executing depfiles commands
config.status:1478: cd src       && sed -e '/# am--include-marker/d' Makefile         | make -f - am--depfiles
config.status:1483: $? = 0
config.status:1478: cd tests       && sed -e '/# am--include-marker/d' Makefile         | make -f - am--depfiles
config.status:1483: $? = 0
config.status:1401: executing libtool commands

## ---------------- ##
## Cache variables. ##
## ---------------- ##

ac_cv_build=armv7l-unknown-linux-gnueabihf
ac_cv_c_compiler_gnu=yes
ac_cv_cflags_warn_all=-Wall
ac_cv_env_CC_set=
ac_cv_env_CC_value=
ac_cv_env_CFLAGS_set=
ac_cv_env_CFLAGS_value=
ac_cv_env_CPPFLAGS_set=
ac_cv_env_CPPFLAGS_value=
ac_cv_env_CPP_set=
ac_cv_env_CPP_value=
ac_cv_env_LDFLAGS_set=
ac_cv_env_LDFLAGS_value=
ac_cv_env_LIBAVIF_CFLAGS_set=
ac_cv_env_LIBAVIF_CFLAGS_value=
ac_cv_env_LIBAVIF_LIBS_set=
ac_cv_env_LIBAVIF_LIBS_value=
ac_cv_env_LIBFONTCONFIG_CFLAGS_set=
ac_cv_env_LIBFONTCONFIG_CFLAGS_value=
ac_cv_env_LIBFONTCONFIG_LIBS_set=
ac_cv_env_LIBFONTCONFIG_LIBS_value=
ac_cv_env_LIBFREETYPE_CFLAGS_set=
ac_cv_env_LIBFREETYPE_CFLAGS_value=
ac_cv_env_LIBFREETYPE_LIBS_set=
ac_cv_env_LIBFREETYPE_LIBS_value=
ac_cv_env_LIBHEIF_CFLAGS_set=
ac_cv_env_LIBHEIF_CFLAGS_value=
ac_cv_env_LIBHEIF_LIBS_set=
ac_cv_env_LIBHEIF_LIBS_value=
ac_cv_env_LIBJPEG_CFLAGS_set=
ac_cv_env_LIBJPEG_CFLAGS_value=
ac_cv_env_LIBJPEG_LIBS_set=
ac_cv_env_LIBJPEG_LIBS_value=
ac_cv_env_LIBPNG_CFLAGS_set=
ac_cv_env_LIBPNG_CFLAGS_value=
ac_cv_env_LIBPNG_LIBS_set=
ac_cv_env_LIBPNG_LIBS_value=
ac_cv_env_LIBRAQM_CFLAGS_set=
ac_cv_env_LIBRAQM_CFLAGS_value=
ac_cv_env_LIBRAQM_LIBS_set=
ac_cv_env_LIBRAQM_LIBS_value=
ac_cv_env_LIBS_set=
ac_cv_env_LIBS_value=
ac_cv_env_LIBTIFF_CFLAGS_set=
ac_cv_env_LIBTIFF_CFLAGS_value=
ac_cv_env_LIBTIFF_LIBS_set=
ac_cv_env_LIBTIFF_LIBS_value=
ac_cv_env_LIBWEBP_CFLAGS_set=
ac_cv_env_LIBWEBP_CFLAGS_value=
ac_cv_env_LIBWEBP_LIBS_set=
ac_cv_env_LIBWEBP_LIBS_value=
ac_cv_env_LIBXPM_CFLAGS_set=
ac_cv_env_LIBXPM_CFLAGS_value=
ac_cv_env_LIBXPM_LIBS_set=
ac_cv_env_LIBXPM_LIBS_value=
ac_cv_env_LIBZ_CFLAGS_set=
ac_cv_env_LIBZ_CFLAGS_value=
ac_cv_env_LIBZ_LIBS_set=
ac_cv_env_LIBZ_LIBS_value=
ac_cv_env_LT_SYS_LIBRARY_PATH_set=
ac_cv_env_LT_SYS_LIBRARY_PATH_value=
ac_cv_env_PKG_CONFIG_LIBDIR_set=
ac_cv_env_PKG_CONFIG_LIBDIR_value=
ac_cv_env_PKG_CONFIG_PATH_set=
ac_cv_env_PKG_CONFIG_PATH_value=
ac_cv_env_PKG_CONFIG_set=
ac_cv_env_PKG_CONFIG_value=
ac_cv_env_XMKMF_set=
ac_cv_env_XMKMF_value=
ac_cv_env_build_alias_set=
ac_cv_env_build_alias_value=
ac_cv_env_host_alias_set=
ac_cv_env_host_alias_value=
ac_cv_env_target_alias_set=
ac_cv_env_target_alias_value=
ac_cv_func_sin=no
ac_cv_have_x=have_x=no
ac_cv_header_dirent_h=yes
ac_cv_header_dlfcn_h=yes
ac_cv_header_iconv_h=yes
ac_cv_header_inttypes_h=yes
ac_cv_header_libimagequant_h=no
ac_cv_header_memory_h=yes
ac_cv_header_stdc=yes
ac_cv_header_stdint_h=yes
ac_cv_header_stdlib_h=yes
ac_cv_header_string_h=yes
ac_cv_header_strings_h=yes
ac_cv_header_sys_stat_h=yes
ac_cv_header_sys_types_h=yes
ac_cv_header_unistd_h=yes
ac_cv_host=armv7l-unknown-linux-gnueabihf
ac_cv_lib_Xpm_XpmReadFileToXpmImage=no
ac_cv_lib_avif_avifVersion=no
ac_cv_lib_fontconfig_FcInit=no
ac_cv_lib_heif_heif_get_version=no
ac_cv_lib_jpeg_jpeg_set_defaults=no
ac_cv_lib_m_sin=yes
ac_cv_lib_raqm_raqm_create=no
ac_cv_lib_tiff_TIFFClientOpen=no
ac_cv_lib_webp_WebPGetInfo=no
ac_cv_objext=o
ac_cv_path_EGREP='/bin/grep -E'
ac_cv_path_FGREP='/bin/grep -F'
ac_cv_path_GREP=/bin/grep
ac_cv_path_SED=/bin/sed
ac_cv_path_ac_pt_PKG_CONFIG=/usr/bin/pkg-config
ac_cv_path_install='/usr/bin/install -c'
ac_cv_path_lt_DD=/bin/dd
ac_cv_path_mkdir=/bin/mkdir
ac_cv_prog_AWK=mawk
ac_cv_prog_CPP='gcc -E'
ac_cv_prog_ac_ct_AR=ar
ac_cv_prog_ac_ct_CC=gcc
ac_cv_prog_ac_ct_MANIFEST_TOOL=mt
ac_cv_prog_ac_ct_OBJDUMP=objdump
ac_cv_prog_ac_ct_RANLIB=ranlib
ac_cv_prog_ac_ct_STRIP=strip
ac_cv_prog_cc_c89=
ac_cv_prog_cc_c99=
ac_cv_prog_cc_g=yes
ac_cv_prog_cc_stdc=
ac_cv_prog_make_make_set=yes
acl_cv_hardcode_direct=no
acl_cv_hardcode_libdir_flag_spec='${wl}-rpath ${wl}$libdir'
acl_cv_hardcode_libdir_separator=
acl_cv_hardcode_minus_L=no
acl_cv_libext=a
acl_cv_libname_spec='lib$name'
acl_cv_library_names_spec='$libname$shrext'
acl_cv_path_LD=/usr/bin/ld
acl_cv_prog_gnu_ld=yes
acl_cv_rpath=done
acl_cv_shlibext=so
acl_cv_wl=-Wl,
am_cv_CC_dependencies_compiler_type=gcc3
am_cv_ar_interface=ar
am_cv_func_iconv=yes
am_cv_func_iconv_works=yes
am_cv_lib_iconv=no
am_cv_make_support_nested_variables=yes
am_cv_prog_cc_c_o=yes
am_cv_proto_iconv='extern size_t iconv (iconv_t cd, char * *inbuf, size_t *inbytesleft, char * *outbuf, size_t *outbytesleft);'
am_cv_proto_iconv_arg1=
ax_cv_PTHREAD_CLANG=no
ax_cv_PTHREAD_JOINABLE_ATTR=PTHREAD_CREATE_JOINABLE
ax_cv_PTHREAD_PRIO_INHERIT=yes
ax_cv_PTHREAD_SPECIAL_FLAGS=no
ax_cv_c_openmp=-fopenmp
gl_cv_cc_visibility=yes
lt_cv_ar_at_file=@
lt_cv_archive_cmds_need_lc=no
lt_cv_deplibs_check_method=pass_all
lt_cv_file_magic_cmd='$MAGIC_CMD'
lt_cv_file_magic_test_file=
lt_cv_ld_reload_flag=-r
lt_cv_nm_interface='BSD nm'
lt_cv_objdir=.libs
lt_cv_path_LD=/usr/bin/ld
lt_cv_path_NM='/usr/bin/nm -B'
lt_cv_path_mainfest_tool=no
lt_cv_prog_compiler_c_o=yes
lt_cv_prog_compiler_pic='-fPIC -DPIC'
lt_cv_prog_compiler_pic_works=yes
lt_cv_prog_compiler_rtti_exceptions=no
lt_cv_prog_compiler_static_works=yes
lt_cv_prog_gnu_ld=yes
lt_cv_sharedlib_from_linklib_cmd='printf %s\n'
lt_cv_shlibpath_overrides_runpath=yes
lt_cv_sys_global_symbol_pipe='sed -n -e '\''s/^.*[	 ]\([ABCDGIRSTW][ABCDGIRSTW]*\)[	 ][	 ]*\([_A-Za-z][_A-Za-z0-9]*\)$/\1 \2 \2/p'\'' | sed '\''/ __gnu_lto/d'\'''
lt_cv_sys_global_symbol_to_c_name_address='sed -n -e '\''s/^: \(.*\) .*$/  {"\1", (void *) 0},/p'\'' -e '\''s/^[ABCDGIRSTW][ABCDGIRSTW]* .* \(.*\)$/  {"\1", (void *) \&\1},/p'\'''
lt_cv_sys_global_symbol_to_c_name_address_lib_prefix='sed -n -e '\''s/^: \(.*\) .*$/  {"\1", (void *) 0},/p'\'' -e '\''s/^[ABCDGIRSTW][ABCDGIRSTW]* .* \(lib.*\)$/  {"\1", (void *) \&\1},/p'\'' -e '\''s/^[ABCDGIRSTW][ABCDGIRSTW]* .* \(.*\)$/  {"lib\1", (void *) \&\1},/p'\'''
lt_cv_sys_global_symbol_to_cdecl='sed -n -e '\''s/^T .* \(.*\)$/extern int \1();/p'\'' -e '\''s/^[ABCDGIRSTW][ABCDGIRSTW]* .* \(.*\)$/extern char \1;/p'\'''
lt_cv_sys_global_symbol_to_import=
lt_cv_sys_max_cmd_len=1572864
lt_cv_to_host_file_cmd=func_convert_file_noop
lt_cv_to_tool_file_cmd=func_convert_file_noop
lt_cv_truncate_bin='/bin/dd bs=4096 count=1'
mingw_cv_win32_host=no
pkg_cv_LIBFREETYPE_CFLAGS='-I/usr/include/freetype2 -I/usr/include/libpng16'
pkg_cv_LIBFREETYPE_LIBS=-lfreetype
pkg_cv_LIBPNG_CFLAGS=-I/usr/include/libpng16
pkg_cv_LIBPNG_LIBS='-lpng16 -lz'
pkg_cv_LIBZ_CFLAGS=
pkg_cv_LIBZ_LIBS=-lz

## ----------------- ##
## Output variables. ##
## ----------------- ##

ACLOCAL='${SHELL} /home/pi/OS_course_programs/display_text/new/libgd-2.3.3/libgd-2.3.3/config/missing aclocal-1.16'
AMDEPBACKSLASH='\'
AMDEP_FALSE='#'
AMDEP_TRUE=''
AMTAR='$${TAR-tar}'
AM_BACKSLASH='\'
AM_DEFAULT_V='$(AM_DEFAULT_VERBOSITY)'
AM_DEFAULT_VERBOSITY='1'
AM_V='$(V)'
AR='ar'
AUTOCONF='${SHELL} /home/pi/OS_course_programs/display_text/new/libgd-2.3.3/libgd-2.3.3/config/missing autoconf'
AUTOHEADER='${SHELL} /home/pi/OS_course_programs/display_text/new/libgd-2.3.3/libgd-2.3.3/config/missing autoheader'
AUTOMAKE='${SHELL} /home/pi/OS_course_programs/display_text/new/libgd-2.3.3/libgd-2.3.3/config/missing automake-1.16'
AWK='mawk'
CC='gcc'
CCDEPMODE='depmode=gcc3'
CFLAGS='-g -O2 -fvisibility=hidden -Wall'
CFLAG_VISIBILITY='-fvisibility=hidden'
CPP='gcc -E'
CPPFLAGS='    -I/usr/include/libpng16  -I/usr/include/freetype2 -I/usr/include/libpng16'
CYGPATH_W='echo'
DEFS='-DHAVE_CONFIG_H'
DEPDIR='.deps'
DLLTOOL='false'
DSYMUTIL=''
DUMPBIN=''
ECHO_C=''
ECHO_N='-n'
ECHO_T=''
EGREP='/bin/grep -E'
ENABLE_GD_FORMATS_FALSE=''
ENABLE_GD_FORMATS_TRUE='#'
EXEEXT=''
FGREP='/bin/grep -F'
GDLIB_LT_AGE='0'
GDLIB_LT_CURRENT='3'
GDLIB_LT_REVISION='11'
GREP='/bin/grep'
HAVE_LIBAVIF_FALSE=''
HAVE_LIBAVIF_TRUE='#'
HAVE_LIBFONTCONFIG_FALSE=''
HAVE_LIBFONTCONFIG_TRUE='#'
HAVE_LIBFREETYPE_FALSE='#'
HAVE_LIBFREETYPE_TRUE=''
HAVE_LIBHEIF_FALSE=''
HAVE_LIBHEIF_TRUE='#'
HAVE_LIBIMAGEQUANT_FALSE=''
HAVE_LIBIMAGEQUANT_TRUE='#'
HAVE_LIBJPEG_FALSE=''
HAVE_LIBJPEG_TRUE='#'
HAVE_LIBPNG_FALSE='#'
HAVE_LIBPNG_TRUE=''
HAVE_LIBRAQM_FALSE=''
HAVE_LIBRAQM_TRUE='#'
HAVE_LIBTIFF_FALSE=''
HAVE_LIBTIFF_TRUE='#'
HAVE_LIBWEBP_FALSE=''
HAVE_LIBWEBP_TRUE='#'
HAVE_LIBXPM_FALSE=''
HAVE_LIBXPM_TRUE='#'
HAVE_LIBZ_FALSE='#'
HAVE_LIBZ_TRUE=''
HAVE_VISIBILITY='1'
INSTALL_DATA='${INSTALL} -m 644'
INSTALL_PROGRAM='${INSTALL}'
INSTALL_SCRIPT='${INSTALL}'
INSTALL_STRIP_PROGRAM='$(install_sh) -c -s'
LD='/usr/bin/ld'
LDFLAGS=''
LIBAVIF_CFLAGS=''
LIBAVIF_LIBS=''
LIBFONTCONFIG_CFLAGS=''
LIBFONTCONFIG_LIBS=''
LIBFREETYPE_CFLAGS=' -I/usr/include/freetype2 -I/usr/include/libpng16'
LIBFREETYPE_LIBS=' -lfreetype'
LIBHEIF_CFLAGS=''
LIBHEIF_LIBS=''
LIBICONV=''
LIBJPEG_CFLAGS=''
LIBJPEG_LIBS=''
LIBOBJS=''
LIBPNG_CFLAGS=' -I/usr/include/libpng16'
LIBPNG_LIBS=' -lpng16 -lz'
LIBRAQM_CFLAGS=''
LIBRAQM_LIBS=''
LIBS='-lm   -lz  -lpng16 -lz  -lfreetype'
LIBS_PRIVATES=''
LIBTIFF_CFLAGS=''
LIBTIFF_LIBS=''
LIBTOOL='$(SHELL) $(top_builddir)/libtool'
LIBWEBP_CFLAGS=''
LIBWEBP_LIBS=''
LIBXPM_CFLAGS=''
LIBXPM_LIBS=''
LIBZ_CFLAGS=' '
LIBZ_LIBS=' -lz'
LIPO=''
LN_S='ln -s'
LTLIBICONV=''
LTLIBOBJS=''
LT_SYS_LIBRARY_PATH=''
MAKEINFO='${SHELL} /home/pi/OS_course_programs/display_text/new/libgd-2.3.3/libgd-2.3.3/config/missing makeinfo'
MANIFEST_TOOL=':'
MKDIR_P='/bin/mkdir -p'
NM='/usr/bin/nm -B'
NMEDIT=''
OBJDUMP='objdump'
OBJEXT='o'
OTOOL64=''
OTOOL=''
PACKAGE='libgd'
PACKAGE_BUGREPORT='https://github.com/libgd/libgd/issues'
PACKAGE_NAME='GD'
PACKAGE_STRING='GD 2.3.3'
PACKAGE_TARNAME='libgd'
PACKAGE_URL='https://lib.gd'
PACKAGE_VERSION='2.3.3'
PATH_SEPARATOR=':'
PKG_CONFIG='/usr/bin/pkg-config'
PKG_CONFIG_LIBDIR=''
PKG_CONFIG_PATH=''
PKG_REQUIRES_PRIVATES='  zlib  libpng  freetype2 >= 9.8.3'
PTHREAD_CC='gcc'
PTHREAD_CFLAGS='-pthread'
PTHREAD_LIBS=''
RANLIB='ranlib'
SED='/bin/sed'
SET_MAKE=''
SHELL='/bin/bash'
STRIP='strip'
VERSION='2.3.3'
XMKMF=''
ac_ct_AR='ar'
ac_ct_CC='gcc'
ac_ct_DUMPBIN=''
am__EXEEXT_FALSE=''
am__EXEEXT_TRUE='#'
am__fastdepCC_FALSE='#'
am__fastdepCC_TRUE=''
am__include='include'
am__isrc=''
am__leading_dot='.'
am__nodep='_no'
am__quote=''
am__tar='$${TAR-tar} chof - "$$tardir"'
am__untar='$${TAR-tar} xf -'
ax_pthread_config=''
bindir='${exec_prefix}/bin'
build='armv7l-unknown-linux-gnueabihf'
build_alias=''
build_cpu='armv7l'
build_os='linux-gnueabihf'
build_vendor='unknown'
datadir='${datarootdir}'
datarootdir='${prefix}/share'
docdir='${datarootdir}/doc/${PACKAGE_TARNAME}'
dvidir='${docdir}'
exec_prefix='${prefix}'
host='armv7l-unknown-linux-gnueabihf'
host_alias=''
host_cpu='armv7l'
host_os='linux-gnueabihf'
host_vendor='unknown'
htmldir='${docdir}'
includedir='${prefix}/include'
infodir='${datarootdir}/info'
install_sh='${SHELL} /home/pi/OS_course_programs/display_text/new/libgd-2.3.3/libgd-2.3.3/config/install-sh'
libdir='${exec_prefix}/lib'
libexecdir='${exec_prefix}/libexec'
localedir='${datarootdir}/locale'
localstatedir='${prefix}/var'
mandir='${datarootdir}/man'
mkdir_p='$(MKDIR_P)'
oldincludedir='/usr/include'
pdfdir='${docdir}'
prefix='/usr/local'
program_transform_name='s,x,x,'
psdir='${docdir}'
runstatedir='${localstatedir}/run'
sbindir='${exec_prefix}/sbin'
sharedstatedir='${prefix}/com'
sysconfdir='${prefix}/etc'
target_alias=''

## ----------- ##
## confdefs.h. ##
## ----------- ##

/* confdefs.h */
#define PACKAGE_NAME "GD"
#define PACKAGE_TARNAME "libgd"
#define PACKAGE_VERSION "2.3.3"
#define PACKAGE_STRING "GD 2.3.3"
#define PACKAGE_BUGREPORT "https://github.com/libgd/libgd/issues"
#define PACKAGE_URL "https://lib.gd"
#define PACKAGE "libgd"
#define VERSION "2.3.3"
#define STDC_HEADERS 1
#define HAVE_SYS_TYPES_H 1
#define HAVE_SYS_STAT_H 1
#define HAVE_STDLIB_H 1
#define HAVE_STRING_H 1
#define HAVE_MEMORY_H 1
#define HAVE_STRINGS_H 1
#define HAVE_INTTYPES_H 1
#define HAVE_STDINT_H 1
#define HAVE_UNISTD_H 1
#define HAVE_DLFCN_H 1
#define LT_OBJDIR ".libs/"
#define STDC_HEADERS 1
#define HAVE_DIRENT_H 1
#define HAVE_INTTYPES_H 1
#define HAVE_STDINT_H 1
#define HAVE_STRINGS_H 1
#define HAVE_UNISTD_H 1
#define HAVE_SYS_STAT_H 1
#define HAVE_SYS_TYPES_H 1
#define HAVE_ICONV 1
#define ICONV_CONST 
#define HAVE_ICONV_H 1
#define HAVE_ICONV_T_DEF 1
#define HAVE_LIBM 1
#define HAVE_PTHREAD_PRIO_INHERIT 1
#define HAVE_PTHREAD 1
#define HAVE_OPENMP 1
#define ENABLE_GD_FORMATS 0
#define HAVE_LIBZ 1
#define HAVE_LIBPNG 1
#define HAVE_LIBFREETYPE 1
#define HAVE_FT2BUILD_H 1
#define HAVE_VISIBILITY 1

configure: exit 0
