Add Component: Footprint Not Found PLD-8
Add Component: Footprint Not Found PLD-4
Add Component: Footprint Not Found PLD-6
Add Component: Footprint Not Found PLD-10
Add Component: Footprint Not Found PLD-8
Add Component: Footprint Not Found PLD-4
Add Component: Footprint Not Found PLD-4
Add Component: Footprint Not Found PLD-4
Add Component: Footprint Not Found PLD-4
Add Component: Footprint Not Found PLD-4
Add Component: Footprint Not Found PLD-20
Add Component: Footprint Not Found PLD-20
Add Component: Footprint Not Found PLD-20
Add Pin To Net: Unknown Pin: Pin P1-1
Add Pin To Net: Unknown Pin: Pin P1-2
Add Pin To Net: Unknown Pin: Pin P1-3
Add Pin To Net: Unknown Pin: Pin P1-4
Add Pin To Net: Unknown Pin: Pin P1-5
Add Pin To Net: Unknown Pin: Pin P1-6
Add Pin To Net: Unknown Pin: Pin P1-7
Add Pin To Net: Unknown Pin: Pin P1-8
Add Pin To Net: Unknown Pin: Pin P2-1
Add Pin To Net: Unknown Pin: Pin P2-2
Add Pin To Net: Unknown Pin: Pin P2-3
Add Pin To Net: Unknown Pin: Pin P2-4
Add Pin To Net: Unknown Pin: Pin P3-1
Add Pin To Net: Unknown Pin: Pin P3-2
Add Pin To Net: Unknown Pin: Pin P3-3
Add Pin To Net: Unknown Pin: Pin P3-4
Add Pin To Net: Unknown Pin: Pin P3-5
Add Pin To Net: Unknown Pin: Pin P3-6
Add Pin To Net: Unknown Pin: Pin P4-1
Add Pin To Net: Unknown Pin: Pin P4-2
Add Pin To Net: Unknown Pin: Pin P4-3
Add Pin To Net: Unknown Pin: Pin P4-4
Add Pin To Net: Unknown Pin: Pin P4-5
Add Pin To Net: Unknown Pin: Pin P4-6
Add Pin To Net: Unknown Pin: Pin P4-7
Add Pin To Net: Unknown Pin: Pin P4-8
Add Pin To Net: Unknown Pin: Pin P4-9
Add Pin To Net: Unknown Pin: Pin P4-10
Add Pin To Net: Unknown Pin: Pin P5-1
Add Pin To Net: Unknown Pin: Pin P5-2
Add Pin To Net: Unknown Pin: Pin P5-3
Add Pin To Net: Unknown Pin: Pin P5-4
Add Pin To Net: Unknown Pin: Pin P5-5
Add Pin To Net: Unknown Pin: Pin P5-6
Add Pin To Net: Unknown Pin: Pin P5-7
Add Pin To Net: Unknown Pin: Pin P5-8
Add Pin To Net: Unknown Pin: Pin P6-1
Add Pin To Net: Unknown Pin: Pin P6-2
Add Pin To Net: Unknown Pin: Pin P6-3
Add Pin To Net: Unknown Pin: Pin P6-4
Add Pin To Net: Unknown Pin: Pin P7-1
Add Pin To Net: Unknown Pin: Pin P7-2
Add Pin To Net: Unknown Pin: Pin P7-3
Add Pin To Net: Unknown Pin: Pin P7-4
Add Pin To Net: Unknown Pin: Pin P8-1
Add Pin To Net: Unknown Pin: Pin P8-2
Add Pin To Net: Unknown Pin: Pin P8-3
Add Pin To Net: Unknown Pin: Pin P8-4
Add Pin To Net: Unknown Pin: Pin P9-1
Add Pin To Net: Unknown Pin: Pin P9-2
Add Pin To Net: Unknown Pin: Pin P9-3
Add Pin To Net: Unknown Pin: Pin P9-4
Add Pin To Net: Unknown Pin: Pin P10-1
Add Pin To Net: Unknown Pin: Pin P10-2
Add Pin To Net: Unknown Pin: Pin P10-3
Add Pin To Net: Unknown Pin: Pin P10-4
Add Pin To Net: Unknown Pin: Pin P11_Connector for Raspberri Pi1-1
Add Pin To Net: Unknown Pin: Pin P11_Connector for Raspberri Pi1-2
Add Pin To Net: Unknown Pin: Pin P11_Connector for Raspberri Pi1-3
Add Pin To Net: Unknown Pin: Pin P11_Connector for Raspberri Pi1-4
Add Pin To Net: Unknown Pin: Pin P11_Connector for Raspberri Pi1-5
Add Pin To Net: Unknown Pin: Pin P11_Connector for Raspberri Pi1-6
Add Pin To Net: Unknown Pin: Pin P11_Connector for Raspberri Pi1-7
Add Pin To Net: Unknown Pin: Pin P11_Connector for Raspberri Pi1-8
Add Pin To Net: Unknown Pin: Pin P11_Connector for Raspberri Pi1-9
Add Pin To Net: Unknown Pin: Pin P11_Connector for Raspberri Pi1-10
Add Pin To Net: Unknown Pin: Pin P11_Connector for Raspberri Pi1-11
Add Pin To Net: Unknown Pin: Pin P11_Connector for Raspberri Pi1-12
Add Pin To Net: Unknown Pin: Pin P11_Connector for Raspberri Pi1-13
Add Pin To Net: Unknown Pin: Pin P11_Connector for Raspberri Pi1-14
Add Pin To Net: Unknown Pin: Pin P11_Connector for Raspberri Pi1-15
Add Pin To Net: Unknown Pin: Pin P11_Connector for Raspberri Pi1-16
Add Pin To Net: Unknown Pin: Pin P11_Connector for Raspberri Pi1-17
Add Pin To Net: Unknown Pin: Pin P11_Connector for Raspberri Pi1-18
Add Pin To Net: Unknown Pin: Pin P11_Connector for Raspberri Pi1-19
Add Pin To Net: Unknown Pin: Pin P11_Connector for Raspberri Pi1-20
Add Pin To Net: Unknown Pin: Pin P11_Connector for Raspberri Pi2-1
Add Pin To Net: Unknown Pin: Pin P11_Connector for Raspberri Pi2-2
Add Pin To Net: Unknown Pin: Pin P11_Connector for Raspberri Pi2-3
Add Pin To Net: Unknown Pin: Pin P11_Connector for Raspberri Pi2-4
Add Pin To Net: Unknown Pin: Pin P11_Connector for Raspberri Pi2-5
Add Pin To Net: Unknown Pin: Pin P11_Connector for Raspberri Pi2-6
Add Pin To Net: Unknown Pin: Pin P11_Connector for Raspberri Pi2-7
Add Pin To Net: Unknown Pin: Pin P11_Connector for Raspberri Pi2-8
Add Pin To Net: Unknown Pin: Pin P11_Connector for Raspberri Pi2-9
Add Pin To Net: Unknown Pin: Pin P11_Connector for Raspberri Pi2-10
Add Pin To Net: Unknown Pin: Pin P11_Connector for Raspberri Pi2-11
Add Pin To Net: Unknown Pin: Pin P11_Connector for Raspberri Pi2-12
Add Pin To Net: Unknown Pin: Pin P11_Connector for Raspberri Pi2-13
Add Pin To Net: Unknown Pin: Pin P11_Connector for Raspberri Pi2-14
Add Pin To Net: Unknown Pin: Pin P11_Connector for Raspberri Pi2-15
Add Pin To Net: Unknown Pin: Pin P11_Connector for Raspberri Pi2-16
Add Pin To Net: Unknown Pin: Pin P11_Connector for Raspberri Pi2-17
Add Pin To Net: Unknown Pin: Pin P11_Connector for Raspberri Pi2-18
Add Pin To Net: Unknown Pin: Pin P11_Connector for Raspberri Pi2-19
Add Pin To Net: Unknown Pin: Pin P11_Connector for Raspberri Pi2-20
Added Class: Name=Comnunication
Add Class Member: Failed to add class member : Component P1 PLD-8
Add Class Member: Failed to add class member : Component P2 PLD-4
Add Class Member: Failed to add class member : Component P3 PLD-6
Add Class Member: Failed to add class member : Component P4 PLD-10
Add Class Member: Failed to add class member : Component P5 PLD-8
Add Class Member: Failed to add class member : Component P6 PLD-4
Add Class Member: Failed to add class member : Component P7 PLD-4
Add Class Member: Failed to add class member : Component P8 PLD-4
Add Class Member: Failed to add class member : Component P9 PLD-4
Add Class Member: Failed to add class member : Component P10 PLD-4
Add Class Member: Failed to add class member : Component P11_Connector for Raspberri Pi1 (P11) PLD-20
Add Class Member: Failed to add class member : Component P11_Connector for Raspberri Pi2 (P11) PLD-20
Added Room: Name=Comnunication
Added Room: Name=Connector for Raspberri Pi1
Added Room: Name=Connector for Raspberri Pi2
Added Room: Name=Variant 1
