Added Component: Designator=P11(PBD-20)
Added Component: Designator=XS1(PLD-16)
Added Component: Designator=XS2(PLD-40)
Added Pin To Net: NetName=3V3 Pin=P11-1
Added Pin To Net: NetName=C5V Pin=P11-2
Added Pin To Net: NetName=RPi_SPI1.nCE2 Pin=P11-3
Added Pin To Net: NetName=RPi_SPI1.nCE1 Pin=P11-4
Added Pin To Net: NetName=RPi_SPI1.SCLK Pin=P11-5
Added Pin To Net: NetName=RPi_SPI1.nCE0 Pin=P11-6
Added Pin To Net: NetName=RPi_SPI1.MISO Pin=P11-7
Added Pin To Net: NetName=RPi_SPI1.MOSI Pin=P11-8
Added Pin To Net: NetName=RPi_SPI4.nCE1 Pin=P11-9
Added Pin To Net: NetName=RPi_SPI4.nCE0 Pin=P11-10
Added Pin To Net: NetName=RPi_SPI4.SCLK Pin=P11-11
Added Pin To Net: NetName=RPi_SPI4.MISO Pin=P11-12
Added Pin To Net: NetName=RPi_SPI4.MOSI Pin=P11-13
Added Pin To Net: NetName=GND Pin=P11-14
Added Pin To Net: NetName=RPi_UART5.RX Pin=P11-15
Added Pin To Net: NetName=RPi_UART5.TX Pin=P11-16
Added Pin To Net: NetName=RPi_GPIO.GPIO26 Pin=P11-17
Added Pin To Net: NetName=RPi_GPIO.GPIO27 Pin=P11-18
Added Pin To Net: NetName=MICROPHONE_DS Pin=P11-19
Added Pin To Net: NetName=ADC.ALRT Pin=P11-20
Added Pin To Net: NetName=STEPMOTOR.IN3 Pin=XS1-1
Added Pin To Net: NetName=STEPMOTOR.IN4 Pin=XS1-2
Added Pin To Net: NetName=STEPMOTOR.IN1 Pin=XS1-3
Added Pin To Net: NetName=STEPMOTOR.IN2 Pin=XS1-4
Added Pin To Net: NetName=GYROSCOPE.DR Pin=XS1-5
Added Pin To Net: NetName=GYROSCOPE.INT Pin=XS1-6
Added Pin To Net: NetName=GYROSCOPE.SDO Pin=XS1-7
Added Pin To Net: NetName=GYROSCOPE.CS Pin=XS1-8
Added Pin To Net: NetName=NAV.SPI_3CS.nCE0 Pin=XS1-9
Added Pin To Net: NetName=NAV.SPI_3CS.MOSI Pin=XS1-10
Added Pin To Net: NetName=NAV.SPI_3CS.MISO Pin=XS1-11
Added Pin To Net: NetName=NAV.SPI_3CS.SCLK Pin=XS1-12
Added Pin To Net: NetName=NAV.DRDY_M Pin=XS1-13
Added Pin To Net: NetName=NAV.INT Pin=XS1-14
Added Pin To Net: NetName=NAV.SPI_3CS.nCE2 Pin=XS1-15
Added Pin To Net: NetName=NAV.SPI_3CS.nCE1 Pin=XS1-16
Added Pin To Net: NetName=COLORSENSOR.INT Pin=XS2-1
Added Pin To Net: NetName=ADC.ALRT Pin=XS2-2
Added Pin To Net: NetName=COLORSENSOR.RST Pin=XS2-3
Added Pin To Net: NetName=MICROPHONE_DS Pin=XS2-4
Added Pin To Net: NetName=ENCODER.A Pin=XS2-5
Added Pin To Net: NetName=ENCODER.B Pin=XS2-6
Added Pin To Net: NetName=ENCODER.BTN Pin=XS2-7
Added Pin To Net: NetName=ENCODER.SWT Pin=XS2-8
Added Pin To Net: NetName=PGND Pin=XS2-9
Added Pin To Net: NetName=KEYPAD.Col1 Pin=XS2-10
Added Pin To Net: NetName=KEYPAD.Row0 Pin=XS2-11
Added Pin To Net: NetName=KEYPAD.Col0 Pin=XS2-12
Added Pin To Net: NetName=KEYPAD.Row3 Pin=XS2-13
Added Pin To Net: NetName=KEYPAD.Col2 Pin=XS2-14
Added Pin To Net: NetName=KEYPAD.Row2 Pin=XS2-15
Added Pin To Net: NetName=KEYPAD.Row1 Pin=XS2-16
Added Pin To Net: NetName=MAXSONAR.AN Pin=XS2-17
Added Pin To Net: NetName=MAXSONAR.UART.RX Pin=XS2-18
Added Pin To Net: NetName=MAXSONAR.UART.TX Pin=XS2-19
Added Pin To Net: NetName=MAXSONAR.PWM Pin=XS2-20
Added Pin To Net: NetName=ULTRASONIC_HC1.TRIG Pin=XS2-21
Added Pin To Net: NetName=ULTRASONIC_HC1.ECHO Pin=XS2-22
Added Pin To Net: NetName=ULTRASONIC_HC0.ECHO Pin=XS2-23
Added Pin To Net: NetName=ULTRASONIC_HC0.TRIG Pin=XS2-24
Added Pin To Net: NetName=RFID.RST Pin=XS2-25
Added Pin To Net: NetName=RFID.IRQ Pin=XS2-26
Added Pin To Net: NetName=RFID.SPI.MISO Pin=XS2-27
Added Pin To Net: NetName=RFID.SPI.MOSI Pin=XS2-28
Added Pin To Net: NetName=RFID.SPI.SCLK Pin=XS2-29
Added Pin To Net: NetName=RFID.SPI.nCE Pin=XS2-30
Added Pin To Net: NetName=DISPLAY.SDCARD Pin=XS2-31
Added Pin To Net: NetName=DISPLAY.LCD.SPI.nCE Pin=XS2-32
Added Pin To Net: NetName=DISPLAY.LCD.RESET Pin=XS2-33
Added Pin To Net: NetName=DISPLAY.LCD.DC/RS Pin=XS2-34
Added Pin To Net: NetName=DISPLAY.LCD.SPI.SCLK Pin=XS2-35
Added Pin To Net: NetName=DISPLAY.TOUCH.SPI Pin=XS2-36
Added Pin To Net: NetName=DISPLAY.LCD.SPI.MOSI Pin=XS2-37
Added Pin To Net: NetName=DISPLAY.LCD.SPI.MISO Pin=XS2-38
Added Pin To Net: NetName=DISPLAY.TOUCH.IRQ Pin=XS2-39
Added Pin To Net: NetName=PGND Pin=XS2-40
Added Member To Class: ClassName=Connector for Raspberri Pi Member=Component P11 PBD-20
Added Member To Class: ClassName=Peripherals Member=Component XS1 PLD-16
Added Member To Class: ClassName=Peripherals Member=Component XS2 PLD-40
