Add Component: Footprint Not Found PLD-8
Add Component: Footprint Not Found PLD-4
Add Component: Footprint Not Found PLD-6
Add Component: Footprint Not Found PLD-10
Add Component: Footprint Not Found PLD-8
Add Component: Footprint Not Found PLD-4
Add Component: Footprint Not Found PLD-4
Add Component: Footprint Not Found PLD-4
Add Component: Footprint Not Found PLD-4
Add Component: Footprint Not Found PLD-4
Add Component: Footprint Not Found PLD-20
Add Component: Footprint Not Found PLD-20
Add Pin To Net: Unknown Pin: Pin P1-1
Add Pin To Net: Unknown Pin: Pin P1-2
Add Pin To Net: Unknown Pin: Pin P1-3
Add Pin To Net: Unknown Pin: Pin P1-4
Add Pin To Net: Unknown Pin: Pin P1-5
Add Pin To Net: Unknown Pin: Pin P1-6
Add Pin To Net: Unknown Pin: Pin P1-7
Add Pin To Net: Unknown Pin: Pin P1-8
Add Pin To Net: Unknown Pin: Pin P2-1
Add Pin To Net: Unknown Pin: Pin P2-2
Add Pin To Net: Unknown Pin: Pin P2-3
Add Pin To Net: Unknown Pin: Pin P2-4
Add Pin To Net: Unknown Pin: Pin P3-1
Add Pin To Net: Unknown Pin: Pin P3-2
Add Pin To Net: Unknown Pin: Pin P3-3
Add Pin To Net: Unknown Pin: Pin P3-4
Add Pin To Net: Unknown Pin: Pin P3-5
Add Pin To Net: Unknown Pin: Pin P3-6
Add Pin To Net: Unknown Pin: Pin P4-1
Add Pin To Net: Unknown Pin: Pin P4-2
Add Pin To Net: Unknown Pin: Pin P4-3
Add Pin To Net: Unknown Pin: Pin P4-4
Add Pin To Net: Unknown Pin: Pin P4-5
Add Pin To Net: Unknown Pin: Pin P4-6
Add Pin To Net: Unknown Pin: Pin P4-7
Add Pin To Net: Unknown Pin: Pin P4-8
Add Pin To Net: Unknown Pin: Pin P4-9
Add Pin To Net: Unknown Pin: Pin P4-10
Add Pin To Net: Unknown Pin: Pin P5-1
Add Pin To Net: Unknown Pin: Pin P5-2
Add Pin To Net: Unknown Pin: Pin P5-3
Add Pin To Net: Unknown Pin: Pin P5-4
Add Pin To Net: Unknown Pin: Pin P5-5
Add Pin To Net: Unknown Pin: Pin P5-6
Add Pin To Net: Unknown Pin: Pin P5-7
Add Pin To Net: Unknown Pin: Pin P5-8
Add Pin To Net: Unknown Pin: Pin P6-1
Add Pin To Net: Unknown Pin: Pin P6-2
Add Pin To Net: Unknown Pin: Pin P6-3
Add Pin To Net: Unknown Pin: Pin P6-4
Add Pin To Net: Unknown Pin: Pin P7-1
Add Pin To Net: Unknown Pin: Pin P7-2
Add Pin To Net: Unknown Pin: Pin P7-3
Add Pin To Net: Unknown Pin: Pin P7-4
Add Pin To Net: Unknown Pin: Pin P8-1
Add Pin To Net: Unknown Pin: Pin P8-2
Add Pin To Net: Unknown Pin: Pin P8-3
Add Pin To Net: Unknown Pin: Pin P8-4
Add Pin To Net: Unknown Pin: Pin P9-1
Add Pin To Net: Unknown Pin: Pin P9-2
Add Pin To Net: Unknown Pin: Pin P9-3
Add Pin To Net: Unknown Pin: Pin P9-4
Add Pin To Net: Unknown Pin: Pin P10-1
Add Pin To Net: Unknown Pin: Pin P10-2
Add Pin To Net: Unknown Pin: Pin P10-3
Add Pin To Net: Unknown Pin: Pin P10-4
Add Pin To Net: Unknown Pin: Pin P11_Connector for Raspberri Pi1-14
Add Pin To Net: Unknown Pin: Pin P11_Connector for Raspberri Pi2-14
Added Net: Name=3V3_Connector for Raspberri Pi1
Added Net: Name=3V3_Connector for Raspberri Pi2
Added Net: Name=C5V_Connector for Raspberri Pi1
Added Net: Name=C5V_Connector for Raspberri Pi2
Added Net: Name=RPi_GPIO.GPIO08_Connector for Raspberri Pi1
Added Net: Name=RPi_GPIO.GPIO08_Connector for Raspberri Pi2
Added Net: Name=RPi_GPIO.GPIO11_Connector for Raspberri Pi1
Added Net: Name=RPi_GPIO.GPIO11_Connector for Raspberri Pi2
Added Net: Name=RPi_GPIO.GPIO26_Connector for Raspberri Pi1
Added Net: Name=RPi_GPIO.GPIO26_Connector for Raspberri Pi2
Added Net: Name=RPi_GPIO.GPIO27_Connector for Raspberri Pi1
Added Net: Name=RPi_GPIO.GPIO27_Connector for Raspberri Pi2
Added Net: Name=RPi_SPI1.MISO_Connector for Raspberri Pi1
Added Net: Name=RPi_SPI1.MISO_Connector for Raspberri Pi2
Added Net: Name=RPi_SPI1.MOSI_Connector for Raspberri Pi1
Added Net: Name=RPi_SPI1.MOSI_Connector for Raspberri Pi2
Added Net: Name=RPi_SPI1.nCE0_Connector for Raspberri Pi1
Added Net: Name=RPi_SPI1.nCE0_Connector for Raspberri Pi2
Added Net: Name=RPi_SPI1.nCE1_Connector for Raspberri Pi1
Added Net: Name=RPi_SPI1.nCE1_Connector for Raspberri Pi2
Added Net: Name=RPi_SPI1.nCE2_Connector for Raspberri Pi1
Added Net: Name=RPi_SPI1.nCE2_Connector for Raspberri Pi2
Added Net: Name=RPi_SPI1.SCLK_Connector for Raspberri Pi1
Added Net: Name=RPi_SPI1.SCLK_Connector for Raspberri Pi2
Added Net: Name=RPi_SPI4.MISO_Connector for Raspberri Pi1
Added Net: Name=RPi_SPI4.MISO_Connector for Raspberri Pi2
Added Net: Name=RPi_SPI4.MOSI_Connector for Raspberri Pi1
Added Net: Name=RPi_SPI4.MOSI_Connector for Raspberri Pi2
Added Net: Name=RPi_SPI4.nCE0_Connector for Raspberri Pi1
Added Net: Name=RPi_SPI4.nCE0_Connector for Raspberri Pi2
Added Net: Name=RPi_SPI4.nCE1_Connector for Raspberri Pi1
Added Net: Name=RPi_SPI4.nCE1_Connector for Raspberri Pi2
Added Net: Name=RPi_SPI4.SCLK_Connector for Raspberri Pi1
Added Net: Name=RPi_SPI4.SCLK_Connector for Raspberri Pi2
Added Net: Name=RPi_UART5.RX_Connector for Raspberri Pi1
Added Net: Name=RPi_UART5.RX_Connector for Raspberri Pi2
Added Net: Name=RPi_UART5.TX_Connector for Raspberri Pi1
Added Net: Name=RPi_UART5.TX_Connector for Raspberri Pi2
Added Class: Name=Connector for Raspberri Pi1
Added Class: Name=Connector for Raspberri Pi2
Added Class: Name=RPi_connector
Add Class Member: Failed to add class member : Component P1 PLD-8
Add Class Member: Failed to add class member : Component P2 PLD-4
Add Class Member: Failed to add class member : Component P3 PLD-6
Add Class Member: Failed to add class member : Component P4 PLD-10
Add Class Member: Failed to add class member : Component P5 PLD-8
Add Class Member: Failed to add class member : Component P6 PLD-4
Add Class Member: Failed to add class member : Component P7 PLD-4
Add Class Member: Failed to add class member : Component P8 PLD-4
Add Class Member: Failed to add class member : Component P9 PLD-4
Add Class Member: Failed to add class member : Component P10 PLD-4
Added Room: Name=Connector for Raspberri Pi1
Added Room: Name=Connector for Raspberri Pi2
Added Room: Name=Variant 1
